<?xml version="1.0" ?>
<!DOCTYPE coverage
  SYSTEM 'http://cobertura.sourceforge.net/xml/coverage-03.dtd'>
<coverage branch-rate="0.2214" line-rate="0.4137" timestamp="1349965553840" version="3.5.3">
	<!-- Generated by coverage.py: http://nedbatchelder.com/code/coverage -->
	<packages>
		<package branch-rate="0.01939" complexity="0" line-rate="0.02868" name=".home.ani..virtualenvs.myjobs.lib.python2.7.site-packages.django.contrib.admin">
			<classes>
				<class branch-rate="0" complexity="0" filename="/home/ani/.virtualenvs/myjobs/lib/python2.7/site-packages/django/contrib/admin/__init__.py" line-rate="0" name="__init__">
					<methods/>
					<lines>
						<line hits="0" number="3"/>
						<line hits="0" number="4"/>
						<line hits="0" number="5"/>
						<line hits="0" number="6"/>
						<line hits="0" number="9"/>
						<line hits="0" number="16"/>
						<line hits="0" number="17"/>
						<line hits="0" number="18"/>
						<line hits="0" number="19"/>
						<line branch="true" condition-coverage="0% (0/2)" hits="0" number="21"/>
						<line hits="0" number="22"/>
						<line hits="0" number="24"/>
						<line hits="0" number="25"/>
						<line hits="0" number="26"/>
						<line hits="0" number="27"/>
						<line hits="0" number="32"/>
						<line branch="true" condition-coverage="0% (0/2)" hits="0" number="37"/>
						<line hits="0" number="38"/>
					</lines>
				</class>
				<class branch-rate="0" complexity="0" filename="/home/ani/.virtualenvs/myjobs/lib/python2.7/site-packages/django/contrib/admin/actions.py" line-rate="0" name="actions">
					<methods/>
					<lines>
						<line hits="0" number="5"/>
						<line hits="0" number="6"/>
						<line hits="0" number="7"/>
						<line hits="0" number="8"/>
						<line hits="0" number="9"/>
						<line hits="0" number="10"/>
						<line hits="0" number="11"/>
						<line hits="0" number="12"/>
						<line hits="0" number="14"/>
						<line hits="0" number="24"/>
						<line hits="0" number="25"/>
						<line branch="true" condition-coverage="0% (0/2)" hits="0" number="28"/>
						<line hits="0" number="29"/>
						<line hits="0" number="31"/>
						<line hits="0" number="35"/>
						<line branch="true" condition-coverage="0% (0/2)" hits="0" number="40"/>
						<line branch="true" condition-coverage="0% (0/2)" hits="0" number="41"/>
						<line hits="0" number="42"/>
						<line hits="0" number="43"/>
						<line branch="true" condition-coverage="0% (0/2)" hits="0" number="44"/>
						<line branch="true" condition-coverage="0% (0/2)" hits="0" number="45"/>
						<line hits="0" number="46"/>
						<line hits="0" number="47"/>
						<line hits="0" number="48"/>
						<line hits="0" number="49"/>
						<line hits="0" number="53"/>
						<line branch="true" condition-coverage="0% (0/2)" hits="0" number="55"/>
						<line hits="0" number="56"/>
						<line hits="0" number="58"/>
						<line branch="true" condition-coverage="0% (0/2)" hits="0" number="60"/>
						<line hits="0" number="61"/>
						<line hits="0" number="63"/>
						<line hits="0" number="65"/>
						<line hits="0" number="79"/>
						<line hits="0" number="85"/>
					</lines>
				</class>
				<class branch-rate="0" complexity="0" filename="/home/ani/.virtualenvs/myjobs/lib/python2.7/site-packages/django/contrib/admin/filterspecs.py" line-rate="0" name="filterspecs">
					<methods/>
					<lines>
						<line hits="0" number="9"/>
						<line hits="0" number="10"/>
						<line hits="0" number="11"/>
						<line hits="0" number="12"/>
						<line hits="0" number="13"/>
						<line hits="0" number="14"/>
						<line hits="0" number="16"/>
						<line hits="0" number="18"/>
						<line hits="0" number="19"/>
						<line hits="0" number="20"/>
						<line hits="0" number="22"/>
						<line hits="0" number="23"/>
						<line hits="0" number="24"/>
						<line branch="true" condition-coverage="0% (0/2)" hits="0" number="25"/>
						<line branch="true" condition-coverage="0% (0/2)" hits="0" number="26"/>
						<line hits="0" number="27"/>
						<line hits="0" number="29"/>
						<line hits="0" number="31"/>
						<line hits="0" number="32"/>
						<line hits="0" number="33"/>
						<line hits="0" number="35"/>
						<line branch="true" condition-coverage="0% (0/2)" hits="0" number="36"/>
						<line branch="true" condition-coverage="0% (0/2)" hits="0" number="37"/>
						<line hits="0" number="38"/>
						<line hits="0" number="40"/>
						<line hits="0" number="42"/>
						<line hits="0" number="43"/>
						<line hits="0" number="45"/>
						<line hits="0" number="46"/>
						<line hits="0" number="48"/>
						<line hits="0" number="49"/>
						<line hits="0" number="51"/>
						<line hits="0" number="52"/>
						<line branch="true" condition-coverage="0% (0/2)" hits="0" number="53"/>
						<line hits="0" number="54"/>
						<line branch="true" condition-coverage="0% (0/2)" hits="0" number="56"/>
						<line hits="0" number="57"/>
						<line hits="0" number="61"/>
						<line hits="0" number="62"/>
						<line hits="0" number="64"/>
						<line hits="0" number="65"/>
						<line hits="0" number="67"/>
						<line hits="0" number="70"/>
						<line branch="true" condition-coverage="0% (0/2)" hits="0" number="71"/>
						<line hits="0" number="74"/>
						<line hits="0" number="76"/>
						<line hits="0" number="77"/>
						<line hits="0" number="78"/>
						<line hits="0" number="79"/>
						<line hits="0" number="80"/>
						<line hits="0" number="81"/>
						<line hits="0" number="83"/>
						<line hits="0" number="85"/>
						<line branch="true" condition-coverage="0% (0/4)" hits="0" number="86"/>
						<line hits="0" number="89"/>
						<line hits="0" number="91"/>
						<line hits="0" number="92"/>
						<line hits="0" number="94"/>
						<line hits="0" number="95"/>
						<line hits="0" number="97"/>
						<line hits="0" number="98"/>
						<line hits="0" number="99"/>
						<line branch="true" condition-coverage="0% (0/2)" hits="0" number="105"/>
						<line hits="0" number="106"/>
						<line branch="true" condition-coverage="0% (0/4)" hits="0" number="111"/>
						<line hits="0" number="114"/>
						<line branch="true" condition-coverage="0% (0/2)" hits="0" number="120"/>
						<line hits="0" number="124"/>
						<line hits="0" number="125"/>
						<line hits="0" number="127"/>
						<line hits="0" number="130"/>
						<line hits="0" number="131"/>
						<line hits="0" number="132"/>
						<line hits="0" number="133"/>
						<line hits="0" number="135"/>
						<line hits="0" number="136"/>
						<line hits="0" number="138"/>
						<line branch="true" condition-coverage="0% (0/2)" hits="0" number="139"/>
						<line hits="0" number="140"/>
						<line branch="true" condition-coverage="0% (0/2)" hits="0" number="145"/>
						<line hits="0" number="146"/>
						<line branch="true" condition-coverage="0% (0/2)" hits="0" number="152"/>
						<line hits="0" number="156"/>
						<line hits="0" number="157"/>
						<line hits="0" number="159"/>
						<line hits="0" number="162"/>
						<line hits="0" number="163"/>
						<line hits="0" number="165"/>
						<line hits="0" number="166"/>
						<line branch="true" condition-coverage="0% (0/2)" hits="0" number="169"/>
						<line hits="0" number="170"/>
						<line branch="true" condition-coverage="0% (0/2)" hits="0" number="175"/>
						<line hits="0" number="177"/>
						<line hits="0" number="178"/>
						<line hits="0" number="180"/>
						<line hits="0" number="184"/>
						<line hits="0" number="186"/>
						<line hits="0" number="189"/>
						<line hits="0" number="190"/>
						<line hits="0" number="191"/>
						<line hits="0" number="195"/>
						<line hits="0" number="208"/>
						<line hits="0" number="209"/>
						<line hits="0" number="211"/>
						<line branch="true" condition-coverage="0% (0/2)" hits="0" number="212"/>
						<line hits="0" number="213"/>
						<line branch="true" condition-coverage="0% (0/2)" hits="0" number="219"/>
						<line hits="0" number="226"/>
						<line hits="0" number="227"/>
						<line hits="0" number="229"/>
						<line hits="0" number="232"/>
						<line hits="0" number="233"/>
						<line hits="0" number="234"/>
						<line hits="0" number="235"/>
						<line hits="0" number="237"/>
						<line hits="0" number="238"/>
						<line hits="0" number="242"/>
						<line hits="0" number="243"/>
						<line hits="0" number="245"/>
						<line hits="0" number="248"/>
						<line hits="0" number="249"/>
						<line hits="0" number="251"/>
						<line hits="0" number="252"/>
						<line hits="0" number="253"/>
						<line hits="0" number="259"/>
						<line branch="true" condition-coverage="0% (0/2)" hits="0" number="261"/>
						<line branch="true" condition-coverage="0% (0/2)" hits="0" number="262"/>
						<line hits="0" number="263"/>
						<line hits="0" number="264"/>
						<line hits="0" number="265"/>
						<line hits="0" number="267"/>
						<line branch="true" condition-coverage="0% (0/2)" hits="0" number="272"/>
						<line hits="0" number="273"/>
						<line branch="true" condition-coverage="0% (0/2)" hits="0" number="279"/>
					</lines>
				</class>
				<class branch-rate="0" complexity="0" filename="/home/ani/.virtualenvs/myjobs/lib/python2.7/site-packages/django/contrib/admin/forms.py" line-rate="0" name="forms">
					<methods/>
					<lines>
						<line hits="0" number="1"/>
						<line hits="0" number="3"/>
						<line hits="0" number="4"/>
						<line hits="0" number="5"/>
						<line hits="0" number="7"/>
						<line hits="0" number="9"/>
						<line hits="0" number="12"/>
						<line hits="0" number="17"/>
						<line hits="0" number="20"/>
						<line hits="0" number="21"/>
						<line hits="0" number="22"/>
						<line hits="0" number="23"/>
						<line branch="true" condition-coverage="0% (0/2)" hits="0" number="25"/>
						<line hits="0" number="26"/>
						<line branch="true" condition-coverage="0% (0/2)" hits="0" number="27"/>
						<line branch="true" condition-coverage="0% (0/2)" hits="0" number="28"/>
						<line hits="0" number="30"/>
						<line hits="0" number="31"/>
						<line hits="0" number="32"/>
						<line hits="0" number="34"/>
						<line branch="true" condition-coverage="0% (0/2)" hits="0" number="36"/>
						<line hits="0" number="37"/>
						<line hits="0" number="39"/>
						<line branch="true" condition-coverage="0% (0/2)" hits="0" number="40"/>
						<line hits="0" number="41"/>
						<line hits="0" number="42"/>
						<line hits="0" number="43"/>
					</lines>
				</class>
				<class branch-rate="0" complexity="0" filename="/home/ani/.virtualenvs/myjobs/lib/python2.7/site-packages/django/contrib/admin/helpers.py" line-rate="0" name="helpers">
					<methods/>
					<lines>
						<line hits="0" number="1"/>
						<line hits="0" number="2"/>
						<line hits="0" number="3"/>
						<line hits="0" number="5"/>
						<line hits="0" number="6"/>
						<line hits="0" number="7"/>
						<line hits="0" number="8"/>
						<line hits="0" number="9"/>
						<line hits="0" number="10"/>
						<line hits="0" number="11"/>
						<line hits="0" number="12"/>
						<line hits="0" number="13"/>
						<line hits="0" number="16"/>
						<line hits="0" number="18"/>
						<line hits="0" number="19"/>
						<line hits="0" number="20"/>
						<line branch="true" condition-coverage="0% (0/2)" hits="0" number="23"/>
						<line hits="0" number="25"/>
						<line hits="0" number="26"/>
						<line hits="0" number="27"/>
						<line hits="0" number="28"/>
						<line hits="0" number="32"/>
						<line branch="true" condition-coverage="0% (0/2)" hits="0" number="33"/>
						<line hits="0" number="34"/>
						<line hits="0" number="35"/>
						<line hits="0" number="37"/>
						<line branch="true" condition-coverage="0% (0/2)" hits="0" number="38"/>
						<line hits="0" number="39"/>
						<line hits="0" number="45"/>
						<line hits="0" number="46"/>
						<line hits="0" number="47"/>
						<line hits="0" number="48"/>
						<line branch="true" condition-coverage="0% (0/2)" hits="0" number="49"/>
						<line hits="0" number="50"/>
						<line hits="0" number="51"/>
						<line hits="0" number="52"/>
						<line hits="0" number="53"/>
						<line hits="0" number="54"/>
						<line hits="0" number="55"/>
						<line hits="0" number="56"/>
						<line hits="0" number="57"/>
						<line hits="0" number="59"/>
						<line hits="0" number="60"/>
						<line branch="true" condition-coverage="0% (0/2)" hits="0" number="61"/>
						<line hits="0" number="62"/>
						<line hits="0" number="63"/>
						<line hits="0" number="64"/>
						<line hits="0" number="66"/>
						<line hits="0" number="67"/>
						<line hits="0" number="69"/>
						<line hits="0" number="70"/>
						<line hits="0" number="71"/>
						<line hits="0" number="72"/>
						<line hits="0" number="73"/>
						<line hits="0" number="74"/>
						<line hits="0" number="76"/>
						<line branch="true" condition-coverage="0% (0/2)" hits="0" number="77"/>
						<line hits="0" number="78"/>
						<line hits="0" number="79"/>
						<line hits="0" number="80"/>
						<line hits="0" number="81"/>
						<line hits="0" number="83"/>
						<line branch="true" condition-coverage="0% (0/2)" hits="0" number="84"/>
						<line hits="0" number="85"/>
						<line hits="0" number="87"/>
						<line hits="0" number="88"/>
						<line hits="0" number="89"/>
						<line branch="true" condition-coverage="0% (0/2)" hits="0" number="90"/>
						<line hits="0" number="91"/>
						<line hits="0" number="93"/>
						<line hits="0" number="94"/>
						<line branch="true" condition-coverage="0% (0/2)" hits="0" number="95"/>
						<line hits="0" number="96"/>
						<line hits="0" number="97"/>
						<line hits="0" number="99"/>
						<line branch="true" condition-coverage="0% (0/2)" hits="0" number="100"/>
						<line branch="true" condition-coverage="0% (0/2)" hits="0" number="101"/>
						<line hits="0" number="102"/>
						<line hits="0" number="105"/>
						<line hits="0" number="107"/>
						<line hits="0" number="108"/>
						<line hits="0" number="110"/>
						<line hits="0" number="111"/>
						<line hits="0" number="112"/>
						<line hits="0" number="113"/>
						<line hits="0" number="114"/>
						<line hits="0" number="116"/>
						<line hits="0" number="117"/>
						<line branch="true" condition-coverage="0% (0/2)" hits="0" number="118"/>
						<line hits="0" number="119"/>
						<line hits="0" number="120"/>
						<line hits="0" number="122"/>
						<line branch="true" condition-coverage="0% (0/2)" hits="0" number="123"/>
						<line hits="0" number="124"/>
						<line branch="true" condition-coverage="0% (0/2)" hits="0" number="125"/>
						<line hits="0" number="126"/>
						<line hits="0" number="127"/>
						<line hits="0" number="128"/>
						<line hits="0" number="130"/>
						<line hits="0" number="131"/>
						<line hits="0" number="133"/>
						<line hits="0" number="134"/>
						<line hits="0" number="135"/>
						<line branch="true" condition-coverage="0% (0/2)" hits="0" number="139"/>
						<line hits="0" number="140"/>
						<line hits="0" number="142"/>
						<line hits="0" number="143"/>
						<line hits="0" number="149"/>
						<line hits="0" number="150"/>
						<line hits="0" number="151"/>
						<line hits="0" number="152"/>
						<line hits="0" number="153"/>
						<line hits="0" number="155"/>
						<line hits="0" number="156"/>
						<line branch="true" condition-coverage="0% (0/2)" hits="0" number="157"/>
						<line hits="0" number="158"/>
						<line hits="0" number="159"/>
						<line hits="0" number="160"/>
						<line hits="0" number="161"/>
						<line hits="0" number="166"/>
						<line hits="0" number="167"/>
						<line hits="0" number="168"/>
						<line hits="0" number="169"/>
						<line hits="0" number="170"/>
						<line hits="0" number="171"/>
						<line hits="0" number="172"/>
						<line hits="0" number="173"/>
						<line branch="true" condition-coverage="0% (0/2)" hits="0" number="175"/>
						<line hits="0" number="176"/>
						<line branch="true" condition-coverage="0% (0/2)" hits="0" number="177"/>
						<line hits="0" number="178"/>
						<line hits="0" number="180"/>
						<line branch="true" condition-coverage="0% (0/2)" hits="0" number="181"/>
						<line hits="0" number="182"/>
						<line branch="true" condition-coverage="0% (0/2)" hits="0" number="184"/>
						<line hits="0" number="185"/>
						<line branch="true" condition-coverage="0% (0/2)" hits="0" number="186"/>
						<line hits="0" number="187"/>
						<line hits="0" number="189"/>
						<line hits="0" number="190"/>
						<line hits="0" number="192"/>
						<line hits="0" number="196"/>
						<line hits="0" number="197"/>
						<line hits="0" number="198"/>
						<line hits="0" number="199"/>
						<line hits="0" number="200"/>
						<line branch="true" condition-coverage="0% (0/2)" hits="0" number="201"/>
						<line hits="0" number="202"/>
						<line hits="0" number="203"/>
						<line hits="0" number="205"/>
						<line branch="true" condition-coverage="0% (0/2)" hits="0" number="206"/>
						<line hits="0" number="207"/>
						<line branch="true" condition-coverage="0% (0/2)" hits="0" number="210"/>
						<line hits="0" number="211"/>
						<line hits="0" number="214"/>
						<line hits="0" number="218"/>
						<line hits="0" number="219"/>
						<line branch="true" condition-coverage="0% (0/2)" hits="0" number="220"/>
						<line branch="true" condition-coverage="0% (0/2)" hits="0" number="221"/>
						<line hits="0" number="222"/>
						<line branch="true" condition-coverage="0% (0/2)" hits="0" number="223"/>
						<line hits="0" number="224"/>
						<line hits="0" number="232"/>
						<line hits="0" number="234"/>
						<line hits="0" number="235"/>
						<line branch="true" condition-coverage="0% (0/2)" hits="0" number="236"/>
						<line hits="0" number="237"/>
						<line hits="0" number="238"/>
						<line hits="0" number="239"/>
						<line hits="0" number="241"/>
						<line hits="0" number="245"/>
						<line hits="0" number="247"/>
						<line hits="0" number="248"/>
						<line hits="0" number="249"/>
						<line branch="true" condition-coverage="0% (0/2)" hits="0" number="250"/>
						<line hits="0" number="251"/>
						<line hits="0" number="252"/>
						<line hits="0" number="253"/>
						<line hits="0" number="256"/>
						<line branch="true" condition-coverage="0% (0/2)" hits="0" number="257"/>
						<line hits="0" number="258"/>
						<line hits="0" number="261"/>
						<line branch="true" condition-coverage="0% (0/2)" hits="0" number="262"/>
						<line hits="0" number="263"/>
						<line branch="true" condition-coverage="0% (0/2)" hits="0" number="265"/>
						<line branch="true" condition-coverage="0% (0/2)" hits="0" number="266"/>
						<line hits="0" number="267"/>
						<line hits="0" number="268"/>
						<line hits="0" number="270"/>
						<line hits="0" number="272"/>
						<line branch="true" condition-coverage="0% (0/2)" hits="0" number="273"/>
						<line hits="0" number="274"/>
						<line hits="0" number="275"/>
						<line branch="true" condition-coverage="0% (0/2)" hits="0" number="276"/>
						<line hits="0" number="277"/>
						<line branch="true" condition-coverage="0% (0/2)" hits="0" number="278"/>
						<line hits="0" number="279"/>
						<line hits="0" number="280"/>
						<line hits="0" number="282"/>
						<line hits="0" number="283"/>
						<line hits="0" number="285"/>
						<line hits="0" number="286"/>
						<line branch="true" condition-coverage="0% (0/2)" hits="0" number="287"/>
						<line hits="0" number="288"/>
						<line hits="0" number="290"/>
						<line hits="0" number="292"/>
						<line hits="0" number="293"/>
						<line hits="0" number="294"/>
						<line hits="0" number="296"/>
						<line hits="0" number="297"/>
						<line hits="0" number="298"/>
						<line hits="0" number="300"/>
						<line hits="0" number="301"/>
						<line hits="0" number="302"/>
						<line hits="0" number="303"/>
						<line hits="0" number="305"/>
						<line hits="0" number="306"/>
						<line branch="true" condition-coverage="0% (0/2)" hits="0" number="307"/>
						<line branch="true" condition-coverage="0% (0/2)" hits="0" number="308"/>
						<line hits="0" number="309"/>
						<line hits="0" number="310"/>
						<line hits="0" number="313"/>
						<line hits="0" number="317"/>
						<line branch="true" condition-coverage="0% (0/2)" hits="0" number="318"/>
						<line hits="0" number="319"/>
						<line branch="true" condition-coverage="0% (0/2)" hits="0" number="320"/>
						<line hits="0" number="321"/>
						<line branch="true" condition-coverage="0% (0/2)" hits="0" number="322"/>
						<line hits="0" number="323"/>
						<line hits="0" number="325"/>
						<line hits="0" number="330"/>
						<line branch="true" condition-coverage="0% (0/2)" hits="0" number="331"/>
						<line hits="0" number="332"/>
						<line hits="0" number="333"/>
						<line hits="0" number="335"/>
						<line branch="true" condition-coverage="0% (0/2)" hits="0" number="340"/>
						<line branch="true" condition-coverage="0% (0/2)" hits="0" number="341"/>
						<line hits="0" number="342"/>
						<line hits="0" number="343"/>
						<line hits="0" number="344"/>
					</lines>
				</class>
				<class branch-rate="0" complexity="0" filename="/home/ani/.virtualenvs/myjobs/lib/python2.7/site-packages/django/contrib/admin/models.py" line-rate="0.7619" name="models">
					<methods/>
					<lines>
						<line hits="1" number="1"/>
						<line hits="1" number="2"/>
						<line hits="1" number="3"/>
						<line hits="1" number="4"/>
						<line hits="1" number="5"/>
						<line hits="1" number="6"/>
						<line hits="1" number="7"/>
						<line hits="1" number="9"/>
						<line hits="1" number="10"/>
						<line hits="1" number="11"/>
						<line hits="1" number="13"/>
						<line hits="1" number="14"/>
						<line hits="0" number="15"/>
						<line hits="0" number="16"/>
						<line hits="1" number="18"/>
						<line hits="1" number="19"/>
						<line hits="1" number="20"/>
						<line hits="1" number="21"/>
						<line hits="1" number="22"/>
						<line hits="1" number="23"/>
						<line hits="1" number="24"/>
						<line hits="1" number="25"/>
						<line hits="1" number="26"/>
						<line hits="1" number="27"/>
						<line hits="1" number="28"/>
						<line hits="1" number="29"/>
						<line hits="1" number="30"/>
						<line hits="1" number="31"/>
						<line hits="1" number="33"/>
						<line hits="0" number="34"/>
						<line hits="1" number="36"/>
						<line hits="0" number="37"/>
						<line hits="1" number="39"/>
						<line hits="0" number="40"/>
						<line hits="1" number="42"/>
						<line hits="0" number="43"/>
						<line hits="1" number="45"/>
						<line hits="0" number="47"/>
						<line hits="1" number="49"/>
						<line branch="true" condition-coverage="0% (0/2)" hits="0" number="54"/>
						<line hits="0" number="55"/>
						<line hits="0" number="56"/>
					</lines>
				</class>
				<class branch-rate="0.02326" complexity="0" filename="/home/ani/.virtualenvs/myjobs/lib/python2.7/site-packages/django/contrib/admin/options.py" line-rate="0.02279" name="options">
					<methods/>
					<lines>
						<line hits="0" number="1"/>
						<line hits="0" number="2"/>
						<line hits="0" number="3"/>
						<line hits="0" number="5"/>
						<line hits="0" number="6"/>
						<line hits="0" number="7"/>
						<line hits="0" number="8"/>
						<line hits="0" number="9"/>
						<line hits="0" number="10"/>
						<line hits="0" number="11"/>
						<line hits="0" number="12"/>
						<line hits="0" number="13"/>
						<line hits="0" number="14"/>
						<line hits="0" number="15"/>
						<line hits="0" number="16"/>
						<line hits="0" number="17"/>
						<line hits="0" number="18"/>
						<line hits="0" number="19"/>
						<line hits="0" number="20"/>
						<line hits="0" number="21"/>
						<line hits="0" number="22"/>
						<line hits="0" number="23"/>
						<line hits="0" number="24"/>
						<line hits="0" number="25"/>
						<line hits="0" number="26"/>
						<line hits="0" number="27"/>
						<line hits="0" number="29"/>
						<line branch="true" condition-coverage="0% (0/2)" hits="0" number="31"/>
						<line hits="0" number="33"/>
						<line hits="0" number="34"/>
						<line hits="0" number="39"/>
						<line hits="0" number="55"/>
						<line hits="0" number="57"/>
						<line hits="0" number="59"/>
						<line hits="0" number="61"/>
						<line hits="0" number="62"/>
						<line hits="0" number="63"/>
						<line hits="0" number="64"/>
						<line hits="0" number="65"/>
						<line hits="0" number="66"/>
						<line hits="0" number="67"/>
						<line hits="0" number="68"/>
						<line hits="0" number="69"/>
						<line hits="0" number="70"/>
						<line hits="0" number="71"/>
						<line hits="0" number="72"/>
						<line hits="0" number="74"/>
						<line hits="1" number="75"/>
						<line hits="1" number="76"/>
						<line hits="1" number="77"/>
						<line hits="0" number="79"/>
						<line hits="0" number="86"/>
						<line branch="true" condition-coverage="0% (0/2)" hits="0" number="90"/>
						<line hits="0" number="91"/>
						<line branch="true" condition-coverage="0% (0/2)" hits="0" number="94"/>
						<line branch="true" condition-coverage="0% (0/2)" hits="0" number="99"/>
						<line hits="0" number="100"/>
						<line branch="true" condition-coverage="0% (0/2)" hits="0" number="103"/>
						<line hits="0" number="104"/>
						<line branch="true" condition-coverage="0% (0/2)" hits="0" number="105"/>
						<line hits="0" number="106"/>
						<line branch="true" condition-coverage="0% (0/2)" hits="0" number="112"/>
						<line hits="0" number="113"/>
						<line hits="0" number="115"/>
						<line hits="0" number="117"/>
						<line hits="0" number="121"/>
						<line branch="true" condition-coverage="0% (0/2)" hits="0" number="125"/>
						<line branch="true" condition-coverage="0% (0/2)" hits="0" number="126"/>
						<line hits="0" number="127"/>
						<line hits="0" number="128"/>
						<line hits="0" number="131"/>
						<line hits="0" number="133"/>
						<line branch="true" condition-coverage="0% (0/2)" hits="0" number="138"/>
						<line branch="true" condition-coverage="0% (0/2)" hits="0" number="140"/>
						<line hits="0" number="141"/>
						<line branch="true" condition-coverage="0% (0/2)" hits="0" number="144"/>
						<line hits="0" number="145"/>
						<line hits="0" number="149"/>
						<line hits="0" number="151"/>
						<line hits="0" number="155"/>
						<line branch="true" condition-coverage="0% (0/2)" hits="0" number="156"/>
						<line hits="0" number="157"/>
						<line branch="true" condition-coverage="0% (0/2)" hits="0" number="158"/>
						<line hits="0" number="159"/>
						<line hits="0" number="162"/>
						<line hits="0" number="164"/>
						<line hits="0" number="166"/>
						<line branch="true" condition-coverage="0% (0/2)" hits="0" number="172"/>
						<line hits="0" number="173"/>
						<line hits="0" number="174"/>
						<line branch="true" condition-coverage="0% (0/2)" hits="0" number="176"/>
						<line hits="0" number="177"/>
						<line hits="0" number="178"/>
						<line branch="true" condition-coverage="0% (0/2)" hits="0" number="179"/>
						<line hits="0" number="180"/>
						<line hits="0" number="182"/>
						<line hits="0" number="184"/>
						<line branch="true" condition-coverage="0% (0/2)" hits="0" number="185"/>
						<line hits="0" number="186"/>
						<line branch="true" condition-coverage="0% (0/2)" hits="0" number="187"/>
						<line hits="0" number="188"/>
						<line hits="0" number="189"/>
						<line hits="0" number="190"/>
						<line hits="0" number="192"/>
						<line hits="0" number="193"/>
						<line hits="0" number="195"/>
						<line hits="0" number="200"/>
						<line hits="0" number="202"/>
						<line branch="true" condition-coverage="0% (0/2)" hits="0" number="203"/>
						<line hits="0" number="204"/>
						<line hits="0" number="205"/>
						<line hits="0" number="207"/>
						<line hits="0" number="208"/>
						<line branch="true" condition-coverage="0% (0/2)" hits="0" number="212"/>
						<line branch="true" condition-coverage="0% (0/2)" hits="0" number="213"/>
						<line branch="true" condition-coverage="0% (0/2)" hits="0" number="214"/>
						<line hits="0" number="215"/>
						<line hits="0" number="217"/>
						<line branch="true" condition-coverage="0% (0/2)" hits="0" number="221"/>
						<line hits="0" number="222"/>
						<line hits="0" number="228"/>
						<line branch="true" condition-coverage="0% (0/2)" hits="0" number="229"/>
						<line hits="0" number="230"/>
						<line branch="true" condition-coverage="0% (0/2)" hits="0" number="231"/>
						<line hits="0" number="232"/>
						<line hits="0" number="233"/>
						<line branch="true" condition-coverage="0% (0/2)" hits="0" number="234"/>
						<line hits="0" number="235"/>
						<line hits="0" number="236"/>
						<line hits="0" number="238"/>
						<line branch="true" condition-coverage="0% (0/2)" hits="0" number="239"/>
						<line hits="0" number="240"/>
						<line hits="0" number="242"/>
						<line hits="0" number="243"/>
						<line hits="0" number="244"/>
						<line hits="0" number="247"/>
						<line branch="true" condition-coverage="0% (0/2)" hits="0" number="249"/>
						<line hits="0" number="250"/>
						<line hits="0" number="251"/>
						<line hits="0" number="252"/>
						<line hits="0" number="254"/>
						<line hits="0" number="257"/>
						<line hits="0" number="258"/>
						<line hits="0" number="259"/>
						<line hits="0" number="260"/>
						<line hits="0" number="261"/>
						<line hits="0" number="262"/>
						<line hits="0" number="263"/>
						<line hits="0" number="264"/>
						<line hits="0" number="265"/>
						<line hits="0" number="266"/>
						<line hits="0" number="267"/>
						<line hits="0" number="268"/>
						<line hits="0" number="271"/>
						<line hits="0" number="272"/>
						<line hits="0" number="273"/>
						<line hits="0" number="274"/>
						<line hits="0" number="275"/>
						<line hits="0" number="276"/>
						<line hits="0" number="279"/>
						<line hits="0" number="280"/>
						<line hits="0" number="281"/>
						<line hits="0" number="282"/>
						<line hits="0" number="283"/>
						<line hits="0" number="285"/>
						<line hits="1" number="286"/>
						<line hits="1" number="287"/>
						<line hits="1" number="288"/>
						<line hits="1" number="289"/>
						<line branch="true" condition-coverage="50% (1/2)" hits="1" number="290"/>
						<line hits="0" number="291"/>
						<line hits="0" number="292"/>
						<line branch="true" condition-coverage="50% (1/2)" hits="1" number="293"/>
						<line hits="1" number="294"/>
						<line branch="true" condition-coverage="50% (1/2)" hits="1" number="295"/>
						<line branch="true" condition-coverage="50% (1/2)" hits="1" number="296"/>
						<line branch="true" condition-coverage="100% (2/2)" hits="1" number="297"/>
						<line hits="1" number="298"/>
						<line hits="1" number="299"/>
						<line hits="1" number="300"/>
						<line hits="0" number="302"/>
						<line hits="0" number="303"/>
						<line hits="0" number="305"/>
						<line hits="0" number="306"/>
						<line hits="0" number="307"/>
						<line hits="0" number="308"/>
						<line hits="0" number="310"/>
						<line hits="0" number="312"/>
						<line hits="0" number="329"/>
						<line hits="0" number="331"/>
						<line hits="0" number="332"/>
						<line hits="0" number="333"/>
						<line hits="0" number="335"/>
						<line hits="0" number="336"/>
						<line hits="0" number="338"/>
						<line branch="true" condition-coverage="0% (0/2)" hits="0" number="340"/>
						<line hits="0" number="341"/>
						<line branch="true" condition-coverage="0% (0/2)" hits="0" number="342"/>
						<line hits="0" number="343"/>
						<line hits="0" number="344"/>
						<line branch="true" condition-coverage="0% (0/2)" hits="0" number="345"/>
						<line hits="0" number="346"/>
						<line hits="0" number="348"/>
						<line hits="0" number="349"/>
						<line hits="0" number="351"/>
						<line hits="0" number="356"/>
						<line hits="0" number="357"/>
						<line hits="0" number="359"/>
						<line hits="0" number="370"/>
						<line hits="0" number="371"/>
						<line hits="0" number="373"/>
						<line hits="0" number="384"/>
						<line hits="0" number="385"/>
						<line hits="0" number="387"/>
						<line hits="0" number="393"/>
						<line hits="0" number="399"/>
						<line branch="true" condition-coverage="0% (0/2)" hits="0" number="401"/>
						<line hits="0" number="402"/>
						<line hits="0" number="403"/>
						<line hits="0" number="404"/>
						<line hits="0" number="405"/>
						<line hits="0" number="407"/>
						<line branch="true" condition-coverage="0% (0/2)" hits="0" number="412"/>
						<line hits="0" number="413"/>
						<line hits="0" number="415"/>
						<line branch="true" condition-coverage="0% (0/2)" hits="0" number="416"/>
						<line hits="0" number="417"/>
						<line hits="0" number="419"/>
						<line hits="0" number="420"/>
						<line hits="0" number="421"/>
						<line hits="0" number="424"/>
						<line hits="0" number="425"/>
						<line hits="0" number="431"/>
						<line hits="0" number="432"/>
						<line hits="0" number="434"/>
						<line hits="0" number="438"/>
						<line hits="0" number="439"/>
						<line hits="0" number="441"/>
						<line hits="0" number="447"/>
						<line hits="0" number="448"/>
						<line hits="0" number="449"/>
						<line hits="0" number="450"/>
						<line hits="0" number="451"/>
						<line hits="0" number="452"/>
						<line hits="0" number="453"/>
						<line hits="0" number="455"/>
						<line hits="0" number="459"/>
						<line hits="0" number="462"/>
						<line hits="0" number="463"/>
						<line hits="0" number="465"/>
						<line hits="0" number="470"/>
						<line hits="0" number="473"/>
						<line hits="0" number="474"/>
						<line hits="0" number="478"/>
						<line branch="true" condition-coverage="0% (0/2)" hits="0" number="479"/>
						<line hits="0" number="480"/>
						<line hits="0" number="482"/>
						<line hits="0" number="483"/>
						<line hits="0" number="485"/>
						<line hits="0" number="491"/>
						<line hits="0" number="492"/>
						<line hits="0" number="500"/>
						<line hits="0" number="506"/>
						<line hits="0" number="507"/>
						<line hits="0" number="516"/>
						<line hits="0" number="523"/>
						<line hits="0" number="524"/>
						<line hits="0" number="532"/>
						<line hits="0" number="536"/>
						<line hits="0" number="537"/>
						<line hits="0" number="538"/>
						<line hits="0" number="540"/>
						<line hits="0" number="547"/>
						<line branch="true" condition-coverage="0% (0/2)" hits="0" number="548"/>
						<line hits="0" number="549"/>
						<line hits="0" number="551"/>
						<line branch="true" condition-coverage="0% (0/2)" hits="0" number="554"/>
						<line hits="0" number="555"/>
						<line hits="0" number="556"/>
						<line branch="true" condition-coverage="0% (0/2)" hits="0" number="560"/>
						<line hits="0" number="561"/>
						<line branch="true" condition-coverage="0% (0/2)" hits="0" number="563"/>
						<line hits="0" number="564"/>
						<line hits="0" number="565"/>
						<line hits="0" number="568"/>
						<line branch="true" condition-coverage="0% (0/2)" hits="0" number="572"/>
						<line hits="0" number="573"/>
						<line hits="0" number="578"/>
						<line hits="0" number="580"/>
						<line hits="0" number="585"/>
						<line branch="true" condition-coverage="0% (0/2)" hits="0" number="586"/>
						<line hits="0" number="587"/>
						<line hits="0" number="588"/>
						<line hits="0" number="589"/>
						<line hits="0" number="591"/>
						<line branch="true" condition-coverage="0% (0/2)" hits="0" number="598"/>
						<line hits="0" number="599"/>
						<line hits="0" number="600"/>
						<line branch="true" condition-coverage="0% (0/2)" hits="0" number="605"/>
						<line hits="0" number="606"/>
						<line hits="0" number="610"/>
						<line hits="0" number="611"/>
						<line hits="0" number="612"/>
						<line hits="0" number="613"/>
						<line branch="true" condition-coverage="0% (0/2)" hits="0" number="615"/>
						<line hits="0" number="616"/>
						<line hits="0" number="618"/>
						<line hits="0" number="619"/>
						<line hits="0" number="621"/>
						<line hits="0" number="625"/>
						<line branch="true" condition-coverage="0% (0/2)" hits="0" number="626"/>
						<line hits="0" number="627"/>
						<line branch="true" condition-coverage="0% (0/2)" hits="0" number="629"/>
						<line branch="true" condition-coverage="0% (0/2)" hits="0" number="630"/>
						<line branch="true" condition-coverage="0% (0/2)" hits="0" number="631"/>
						<line hits="0" number="632"/>
						<line branch="true" condition-coverage="0% (0/2)" hits="0" number="635"/>
						<line hits="0" number="636"/>
						<line branch="true" condition-coverage="0% (0/2)" hits="0" number="640"/>
						<line hits="0" number="641"/>
						<line hits="0" number="644"/>
						<line hits="0" number="645"/>
						<line hits="0" number="647"/>
						<line hits="0" number="652"/>
						<line hits="0" number="654"/>
						<line hits="0" number="659"/>
						<line hits="0" number="661"/>
						<line hits="0" number="665"/>
						<line hits="0" number="667"/>
						<line hits="0" number="671"/>
						<line hits="0" number="673"/>
						<line hits="0" number="677"/>
						<line hits="0" number="679"/>
						<line hits="0" number="680"/>
						<line hits="0" number="681"/>
						<line hits="0" number="682"/>
						<line hits="0" number="683"/>
						<line branch="true" condition-coverage="0% (0/2)" hits="0" number="699"/>
						<line hits="0" number="700"/>
						<line hits="0" number="702"/>
						<line hits="0" number="703"/>
						<line hits="0" number="704"/>
						<line hits="0" number="710"/>
						<line hits="0" number="714"/>
						<line hits="0" number="715"/>
						<line hits="0" number="717"/>
						<line branch="true" condition-coverage="0% (0/2)" hits="0" number="720"/>
						<line hits="0" number="721"/>
						<line branch="true" condition-coverage="0% (0/2)" hits="0" number="722"/>
						<line hits="0" number="723"/>
						<line hits="0" number="724"/>
						<line branch="true" condition-coverage="0% (0/2)" hits="0" number="726"/>
						<line hits="0" number="727"/>
						<line branch="true" condition-coverage="0% (0/2)" hits="0" number="730"/>
						<line hits="0" number="731"/>
						<line hits="0" number="732"/>
						<line hits="0" number="734"/>
						<line branch="true" condition-coverage="0% (0/2)" hits="0" number="739"/>
						<line hits="0" number="740"/>
						<line hits="0" number="742"/>
						<line hits="0" number="743"/>
						<line hits="0" number="745"/>
						<line hits="0" number="749"/>
						<line hits="0" number="752"/>
						<line branch="true" condition-coverage="0% (0/2)" hits="0" number="753"/>
						<line hits="0" number="754"/>
						<line hits="0" number="755"/>
						<line hits="0" number="757"/>
						<line hits="0" number="759"/>
						<line branch="true" condition-coverage="0% (0/2)" hits="0" number="760"/>
						<line hits="0" number="761"/>
						<line branch="true" condition-coverage="0% (0/2)" hits="0" number="762"/>
						<line hits="0" number="763"/>
						<line hits="0" number="765"/>
						<line branch="true" condition-coverage="0% (0/2)" hits="0" number="766"/>
						<line hits="0" number="767"/>
						<line hits="0" number="768"/>
						<line hits="0" number="769"/>
						<line branch="true" condition-coverage="0% (0/2)" hits="0" number="770"/>
						<line hits="0" number="771"/>
						<line hits="0" number="772"/>
						<line hits="0" number="774"/>
						<line branch="true" condition-coverage="0% (0/2)" hits="0" number="778"/>
						<line hits="0" number="779"/>
						<line hits="0" number="781"/>
						<line hits="0" number="783"/>
						<line hits="0" number="793"/>
						<line hits="0" number="794"/>
						<line hits="0" number="795"/>
						<line hits="0" number="796"/>
						<line hits="0" number="799"/>
						<line hits="0" number="800"/>
						<line hits="0" number="801"/>
						<line hits="0" number="804"/>
						<line hits="0" number="805"/>
						<line hits="0" number="806"/>
						<line hits="0" number="810"/>
						<line hits="0" number="812"/>
						<line hits="0" number="813"/>
						<line branch="true" condition-coverage="0% (0/2)" hits="0" number="816"/>
						<line hits="0" number="817"/>
						<line hits="0" number="818"/>
						<line hits="0" number="819"/>
						<line hits="0" number="824"/>
						<line branch="true" condition-coverage="0% (0/2)" hits="0" number="825"/>
						<line hits="0" number="827"/>
						<line hits="0" number="829"/>
						<line hits="0" number="830"/>
						<line branch="true" condition-coverage="0% (0/2)" hits="0" number="832"/>
						<line hits="0" number="834"/>
						<line hits="0" number="836"/>
						<line branch="true" condition-coverage="0% (0/2)" hits="0" number="841"/>
						<line hits="0" number="842"/>
						<line hits="0" number="844"/>
						<line hits="0" number="846"/>
						<line hits="0" number="847"/>
						<line hits="0" number="848"/>
						<line hits="0" number="850"/>
						<line hits="0" number="851"/>
						<line hits="0" number="852"/>
						<line hits="0" number="854"/>
						<line hits="0" number="855"/>
						<line branch="true" condition-coverage="0% (0/2)" hits="0" number="857"/>
						<line hits="0" number="858"/>
						<line hits="0" number="860"/>
						<line hits="0" number="861"/>
						<line branch="true" condition-coverage="0% (0/2)" hits="0" number="862"/>
						<line hits="0" number="863"/>
						<line branch="true" condition-coverage="0% (0/2)" hits="0" number="864"/>
						<line hits="0" number="865"/>
						<line hits="0" number="866"/>
						<line hits="0" number="868"/>
						<line hits="0" number="869"/>
						<line hits="0" number="870"/>
						<line branch="true" condition-coverage="0% (0/2)" hits="0" number="871"/>
						<line hits="0" number="872"/>
						<line hits="0" number="873"/>
						<line branch="true" condition-coverage="0% (0/2)" hits="0" number="874"/>
						<line hits="0" number="875"/>
						<line hits="0" number="876"/>
						<line hits="0" number="880"/>
						<line branch="true" condition-coverage="0% (0/2)" hits="0" number="881"/>
						<line hits="0" number="882"/>
						<line hits="0" number="883"/>
						<line branch="true" condition-coverage="0% (0/2)" hits="0" number="884"/>
						<line hits="0" number="885"/>
						<line hits="0" number="887"/>
						<line hits="0" number="888"/>
						<line hits="0" number="892"/>
						<line branch="true" condition-coverage="0% (0/2)" hits="0" number="893"/>
						<line hits="0" number="894"/>
						<line hits="0" number="895"/>
						<line hits="0" number="896"/>
						<line hits="0" number="897"/>
						<line branch="true" condition-coverage="0% (0/2)" hits="0" number="898"/>
						<line hits="0" number="899"/>
						<line hits="0" number="900"/>
						<line hits="0" number="901"/>
						<line branch="true" condition-coverage="0% (0/2)" hits="0" number="902"/>
						<line hits="0" number="904"/>
						<line hits="0" number="905"/>
						<line branch="true" condition-coverage="0% (0/2)" hits="0" number="906"/>
						<line hits="0" number="907"/>
						<line hits="0" number="908"/>
						<line hits="0" number="910"/>
						<line hits="0" number="912"/>
						<line hits="0" number="915"/>
						<line hits="0" number="917"/>
						<line branch="true" condition-coverage="0% (0/2)" hits="0" number="918"/>
						<line hits="0" number="919"/>
						<line hits="0" number="920"/>
						<line hits="0" number="921"/>
						<line hits="0" number="923"/>
						<line hits="0" number="924"/>
						<line hits="0" number="926"/>
						<line hits="0" number="937"/>
						<line hits="0" number="938"/>
						<line hits="0" number="940"/>
						<line hits="0" number="941"/>
						<line hits="0" number="942"/>
						<line hits="0" number="944"/>
						<line hits="0" number="945"/>
						<line hits="0" number="947"/>
						<line branch="true" condition-coverage="0% (0/2)" hits="0" number="949"/>
						<line hits="0" number="950"/>
						<line branch="true" condition-coverage="0% (0/2)" hits="0" number="952"/>
						<line hits="0" number="953"/>
						<line branch="true" condition-coverage="0% (0/2)" hits="0" number="955"/>
						<line hits="0" number="956"/>
						<line hits="0" number="958"/>
						<line hits="0" number="959"/>
						<line branch="true" condition-coverage="0% (0/2)" hits="0" number="960"/>
						<line hits="0" number="961"/>
						<line branch="true" condition-coverage="0% (0/2)" hits="0" number="962"/>
						<line hits="0" number="963"/>
						<line hits="0" number="964"/>
						<line hits="0" number="966"/>
						<line hits="0" number="967"/>
						<line hits="0" number="968"/>
						<line branch="true" condition-coverage="0% (0/2)" hits="0" number="969"/>
						<line hits="0" number="971"/>
						<line hits="0" number="972"/>
						<line branch="true" condition-coverage="0% (0/2)" hits="0" number="973"/>
						<line hits="0" number="974"/>
						<line hits="0" number="975"/>
						<line hits="0" number="979"/>
						<line branch="true" condition-coverage="0% (0/2)" hits="0" number="981"/>
						<line hits="0" number="982"/>
						<line hits="0" number="983"/>
						<line branch="true" condition-coverage="0% (0/2)" hits="0" number="984"/>
						<line hits="0" number="985"/>
						<line hits="0" number="987"/>
						<line hits="0" number="988"/>
						<line hits="0" number="989"/>
						<line hits="0" number="992"/>
						<line hits="0" number="993"/>
						<line branch="true" condition-coverage="0% (0/2)" hits="0" number="994"/>
						<line hits="0" number="995"/>
						<line hits="0" number="996"/>
						<line branch="true" condition-coverage="0% (0/2)" hits="0" number="997"/>
						<line hits="0" number="998"/>
						<line hits="0" number="999"/>
						<line hits="0" number="1001"/>
						<line hits="0" number="1003"/>
						<line hits="0" number="1006"/>
						<line hits="0" number="1008"/>
						<line branch="true" condition-coverage="0% (0/2)" hits="0" number="1009"/>
						<line hits="0" number="1010"/>
						<line hits="0" number="1011"/>
						<line hits="0" number="1012"/>
						<line hits="0" number="1014"/>
						<line hits="0" number="1015"/>
						<line hits="0" number="1017"/>
						<line hits="0" number="1029"/>
						<line hits="0" number="1030"/>
						<line hits="0" number="1032"/>
						<line hits="0" number="1033"/>
						<line hits="0" number="1035"/>
						<line hits="0" number="1036"/>
						<line hits="0" number="1037"/>
						<line branch="true" condition-coverage="0% (0/2)" hits="0" number="1038"/>
						<line hits="0" number="1039"/>
						<line hits="0" number="1042"/>
						<line hits="0" number="1045"/>
						<line branch="true" condition-coverage="0% (0/2)" hits="0" number="1046"/>
						<line hits="0" number="1047"/>
						<line hits="0" number="1048"/>
						<line hits="0" number="1049"/>
						<line hits="0" number="1050"/>
						<line hits="0" number="1052"/>
						<line hits="0" number="1053"/>
						<line hits="0" number="1054"/>
						<line hits="0" number="1057"/>
						<line branch="true" condition-coverage="0% (0/2)" hits="0" number="1064"/>
						<line hits="0" number="1065"/>
						<line hits="0" number="1066"/>
						<line hits="0" number="1072"/>
						<line hits="0" number="1073"/>
						<line branch="true" condition-coverage="0% (0/3)" hits="0" number="1076"/>
						<line branch="true" condition-coverage="0% (0/2)" hits="0" number="1078"/>
						<line hits="0" number="1079"/>
						<line branch="true" condition-coverage="0% (0/2)" hits="0" number="1080"/>
						<line hits="0" number="1081"/>
						<line hits="0" number="1083"/>
						<line hits="0" number="1085"/>
						<line hits="0" number="1087"/>
						<line hits="0" number="1088"/>
						<line branch="true" condition-coverage="0% (0/4)" hits="0" number="1091"/>
						<line branch="true" condition-coverage="0% (0/2)" hits="0" number="1094"/>
						<line hits="0" number="1095"/>
						<line branch="true" condition-coverage="0% (0/2)" hits="0" number="1096"/>
						<line hits="0" number="1097"/>
						<line hits="0" number="1099"/>
						<line hits="0" number="1104"/>
						<line branch="true" condition-coverage="0% (0/3)" hits="0" number="1107"/>
						<line hits="0" number="1109"/>
						<line hits="0" number="1110"/>
						<line branch="true" condition-coverage="0% (0/2)" hits="0" number="1111"/>
						<line hits="0" number="1112"/>
						<line branch="true" condition-coverage="0% (0/2)" hits="0" number="1113"/>
						<line branch="true" condition-coverage="0% (0/2)" hits="0" number="1114"/>
						<line hits="0" number="1115"/>
						<line hits="0" number="1116"/>
						<line hits="0" number="1117"/>
						<line hits="0" number="1118"/>
						<line hits="0" number="1119"/>
						<line hits="0" number="1120"/>
						<line branch="true" condition-coverage="0% (0/2)" hits="0" number="1122"/>
						<line branch="true" condition-coverage="0% (0/2)" hits="0" number="1123"/>
						<line hits="0" number="1124"/>
						<line hits="0" number="1126"/>
						<line hits="0" number="1127"/>
						<line hits="0" number="1132"/>
						<line hits="0" number="1134"/>
						<line branch="true" condition-coverage="0% (0/2)" hits="0" number="1137"/>
						<line hits="0" number="1138"/>
						<line hits="0" number="1139"/>
						<line branch="true" condition-coverage="0% (0/2)" hits="0" number="1142"/>
						<line hits="0" number="1143"/>
						<line hits="0" number="1145"/>
						<line branch="true" condition-coverage="0% (0/2)" hits="0" number="1148"/>
						<line hits="0" number="1149"/>
						<line hits="0" number="1150"/>
						<line hits="0" number="1152"/>
						<line hits="0" number="1154"/>
						<line hits="0" number="1157"/>
						<line hits="0" number="1173"/>
						<line hits="0" number="1174"/>
						<line hits="0" number="1175"/>
						<line hits="0" number="1181"/>
						<line hits="0" number="1182"/>
						<line hits="0" number="1183"/>
						<line hits="0" number="1185"/>
						<line hits="0" number="1186"/>
						<line hits="0" number="1188"/>
						<line branch="true" condition-coverage="0% (0/2)" hits="0" number="1190"/>
						<line hits="0" number="1191"/>
						<line branch="true" condition-coverage="0% (0/2)" hits="0" number="1193"/>
						<line hits="0" number="1194"/>
						<line hits="0" number="1196"/>
						<line hits="0" number="1200"/>
						<line branch="true" condition-coverage="0% (0/2)" hits="0" number="1203"/>
						<line branch="true" condition-coverage="0% (0/2)" hits="0" number="1204"/>
						<line hits="0" number="1205"/>
						<line hits="0" number="1206"/>
						<line hits="0" number="1207"/>
						<line hits="0" number="1208"/>
						<line hits="0" number="1210"/>
						<line branch="true" condition-coverage="0% (0/2)" hits="0" number="1212"/>
						<line hits="0" number="1213"/>
						<line hits="0" number="1214"/>
						<line hits="0" number="1216"/>
						<line branch="true" condition-coverage="0% (0/2)" hits="0" number="1218"/>
						<line hits="0" number="1219"/>
						<line hits="0" number="1221"/>
						<line hits="0" number="1223"/>
						<line hits="0" number="1234"/>
						<line hits="0" number="1235"/>
						<line hits="0" number="1236"/>
						<line hits="0" number="1242"/>
						<line hits="0" number="1244"/>
						<line hits="0" number="1245"/>
						<line hits="0" number="1246"/>
						<line hits="0" number="1247"/>
						<line hits="0" number="1248"/>
						<line hits="0" number="1253"/>
						<line hits="0" number="1254"/>
						<line hits="0" number="1262"/>
						<line hits="0" number="1263"/>
						<line hits="0" number="1264"/>
						<line hits="0" number="1270"/>
						<line hits="0" number="1278"/>
						<line hits="0" number="1279"/>
						<line hits="0" number="1280"/>
						<line hits="0" number="1281"/>
						<line hits="0" number="1282"/>
						<line hits="0" number="1283"/>
						<line hits="0" number="1284"/>
						<line hits="0" number="1285"/>
						<line hits="0" number="1286"/>
						<line hits="0" number="1288"/>
						<line hits="0" number="1289"/>
						<line hits="0" number="1290"/>
						<line hits="0" number="1291"/>
						<line hits="0" number="1292"/>
						<line branch="true" condition-coverage="0% (0/2)" hits="0" number="1293"/>
						<line hits="0" number="1294"/>
						<line branch="true" condition-coverage="0% (0/2)" hits="0" number="1295"/>
						<line hits="0" number="1296"/>
						<line hits="0" number="1298"/>
						<line hits="0" number="1299"/>
						<line hits="0" number="1300"/>
						<line branch="true" condition-coverage="0% (0/2)" hits="0" number="1301"/>
						<line hits="0" number="1302"/>
						<line hits="0" number="1303"/>
						<line branch="true" condition-coverage="0% (0/2)" hits="0" number="1304"/>
						<line hits="0" number="1305"/>
						<line hits="0" number="1306"/>
						<line hits="0" number="1307"/>
						<line hits="0" number="1309"/>
						<line branch="true" condition-coverage="0% (0/2)" hits="0" number="1311"/>
						<line hits="0" number="1312"/>
						<line hits="0" number="1314"/>
						<line branch="true" condition-coverage="0% (0/2)" hits="0" number="1315"/>
						<line hits="0" number="1316"/>
						<line hits="0" number="1318"/>
						<line hits="0" number="1319"/>
						<line hits="0" number="1320"/>
						<line hits="0" number="1323"/>
						<line hits="0" number="1324"/>
						<line hits="0" number="1335"/>
						<line hits="0" number="1336"/>
						<line hits="0" number="1338"/>
						<line branch="true" condition-coverage="0% (0/2)" hits="0" number="1339"/>
						<line hits="0" number="1340"/>
						<line hits="0" number="1341"/>
						<line hits="0" number="1342"/>
						<line hits="0" number="1343"/>
						<line hits="0" number="1345"/>
						<line hits="0" number="1346"/>
						<line hits="0" number="1348"/>
						<line hits="0" number="1349"/>
					</lines>
				</class>
				<class branch-rate="0.1282" complexity="0" filename="/home/ani/.virtualenvs/myjobs/lib/python2.7/site-packages/django/contrib/admin/sites.py" line-rate="0.05914" name="sites">
					<methods/>
					<lines>
						<line hits="0" number="1"/>
						<line hits="0" number="2"/>
						<line hits="0" number="3"/>
						<line hits="0" number="4"/>
						<line hits="0" number="5"/>
						<line hits="0" number="6"/>
						<line hits="0" number="7"/>
						<line hits="0" number="8"/>
						<line hits="0" number="9"/>
						<line hits="0" number="10"/>
						<line hits="0" number="11"/>
						<line hits="0" number="12"/>
						<line hits="0" number="13"/>
						<line hits="0" number="14"/>
						<line hits="0" number="15"/>
						<line hits="0" number="16"/>
						<line hits="0" number="17"/>
						<line hits="0" number="19"/>
						<line hits="0" number="21"/>
						<line hits="0" number="22"/>
						<line hits="0" number="24"/>
						<line hits="0" number="25"/>
						<line hits="0" number="27"/>
						<line hits="0" number="35"/>
						<line hits="0" number="36"/>
						<line hits="0" number="37"/>
						<line hits="0" number="38"/>
						<line hits="0" number="39"/>
						<line hits="0" number="40"/>
						<line hits="0" number="41"/>
						<line hits="0" number="43"/>
						<line hits="0" number="44"/>
						<line hits="0" number="45"/>
						<line branch="true" condition-coverage="0% (0/2)" hits="0" number="46"/>
						<line hits="0" number="47"/>
						<line hits="0" number="49"/>
						<line hits="0" number="50"/>
						<line hits="0" number="51"/>
						<line hits="0" number="52"/>
						<line hits="0" number="54"/>
						<line branch="true" condition-coverage="50% (1/2)" hits="1" number="68"/>
						<line hits="0" number="69"/>
						<line branch="true" condition-coverage="50% (1/2)" hits="1" number="72"/>
						<line hits="0" number="73"/>
						<line branch="true" condition-coverage="100% (2/2)" hits="1" number="75"/>
						<line branch="true" condition-coverage="50% (1/2)" hits="1" number="77"/>
						<line hits="1" number="78"/>
						<line branch="true" condition-coverage="100% (2/2)" hits="1" number="79"/>
						<line branch="true" condition-coverage="50% (1/2)" hits="1" number="80"/>
						<line hits="0" number="81"/>
						<line branch="true" condition-coverage="50% (1/2)" hits="1" number="84"/>
						<line hits="0" number="85"/>
						<line branch="true" condition-coverage="50% (1/2)" hits="1" number="89"/>
						<line hits="0" number="93"/>
						<line hits="0" number="94"/>
						<line hits="1" number="97"/>
						<line hits="1" number="100"/>
						<line hits="0" number="102"/>
						<line branch="true" condition-coverage="0% (0/2)" hits="0" number="108"/>
						<line hits="0" number="109"/>
						<line branch="true" condition-coverage="0% (0/2)" hits="0" number="110"/>
						<line branch="true" condition-coverage="0% (0/2)" hits="0" number="111"/>
						<line hits="0" number="112"/>
						<line hits="0" number="113"/>
						<line hits="0" number="115"/>
						<line hits="0" number="119"/>
						<line hits="0" number="120"/>
						<line hits="0" number="121"/>
						<line hits="0" number="123"/>
						<line hits="0" number="127"/>
						<line hits="0" number="129"/>
						<line hits="0" number="134"/>
						<line hits="0" number="136"/>
						<line hits="0" number="141"/>
						<line hits="0" number="143"/>
						<line hits="0" number="148"/>
						<line hits="0" number="150"/>
						<line hits="0" number="157"/>
						<line hits="0" number="158"/>
						<line branch="true" condition-coverage="0% (0/2)" hits="0" number="160"/>
						<line hits="0" number="161"/>
						<line branch="true" condition-coverage="0% (0/2)" hits="0" number="163"/>
						<line hits="0" number="164"/>
						<line branch="true" condition-coverage="0% (0/2)" hits="0" number="166"/>
						<line hits="0" number="168"/>
						<line hits="0" number="171"/>
						<line hits="0" number="194"/>
						<line branch="true" condition-coverage="0% (0/2)" hits="0" number="195"/>
						<line hits="0" number="196"/>
						<line hits="0" number="197"/>
						<line branch="true" condition-coverage="0% (0/2)" hits="0" number="198"/>
						<line hits="0" number="199"/>
						<line branch="true" condition-coverage="0% (0/2)" hits="0" number="202"/>
						<line hits="0" number="203"/>
						<line hits="0" number="204"/>
						<line hits="0" number="206"/>
						<line hits="0" number="207"/>
						<line branch="true" condition-coverage="0% (0/2)" hits="0" number="209"/>
						<line hits="0" number="210"/>
						<line hits="0" number="212"/>
						<line hits="0" number="213"/>
						<line hits="0" number="214"/>
						<line hits="0" number="215"/>
						<line hits="0" number="218"/>
						<line branch="true" condition-coverage="0% (0/2)" hits="0" number="242"/>
						<line hits="0" number="243"/>
						<line hits="0" number="247"/>
						<line hits="0" number="249"/>
						<line hits="0" number="251"/>
						<line hits="0" number="253"/>
						<line hits="0" number="257"/>
						<line branch="true" condition-coverage="0% (0/2)" hits="0" number="258"/>
						<line hits="0" number="259"/>
						<line hits="0" number="261"/>
						<line hits="0" number="262"/>
						<line branch="true" condition-coverage="0% (0/2)" hits="0" number="266"/>
						<line hits="0" number="267"/>
						<line hits="0" number="268"/>
						<line hits="0" number="270"/>
						<line hits="0" number="274"/>
						<line hits="0" number="275"/>
						<line branch="true" condition-coverage="0% (0/2)" hits="0" number="279"/>
						<line hits="0" number="280"/>
						<line hits="0" number="281"/>
						<line hits="0" number="283"/>
						<line branch="true" condition-coverage="0% (0/2)" hits="0" number="290"/>
						<line hits="0" number="291"/>
						<line hits="0" number="293"/>
						<line hits="0" number="294"/>
						<line hits="0" number="296"/>
						<line hits="0" number="297"/>
						<line hits="0" number="303"/>
						<line hits="0" number="304"/>
						<line branch="true" condition-coverage="0% (0/2)" hits="0" number="308"/>
						<line hits="0" number="309"/>
						<line hits="0" number="310"/>
						<line hits="0" number="312"/>
						<line hits="0" number="313"/>
						<line hits="0" number="317"/>
						<line hits="0" number="318"/>
						<line hits="0" number="324"/>
						<line hits="0" number="325"/>
						<line hits="0" number="331"/>
						<line hits="0" number="333"/>
						<line hits="0" number="334"/>
						<line hits="0" number="339"/>
						<line hits="0" number="340"/>
						<line branch="true" condition-coverage="0% (0/2)" hits="0" number="341"/>
						<line hits="0" number="342"/>
						<line hits="0" number="343"/>
						<line branch="true" condition-coverage="0% (0/2)" hits="0" number="345"/>
						<line hits="0" number="346"/>
						<line branch="true" condition-coverage="0% (0/2)" hits="0" number="350"/>
						<line hits="0" number="351"/>
						<line branch="true" condition-coverage="0% (0/2)" hits="0" number="356"/>
						<line hits="0" number="357"/>
						<line hits="0" number="359"/>
						<line hits="0" number="367"/>
						<line branch="true" condition-coverage="0% (0/2)" hits="0" number="368"/>
						<line branch="true" condition-coverage="0% (0/2)" hits="0" number="371"/>
						<line branch="true" condition-coverage="0% (0/2)" hits="0" number="372"/>
						<line hits="0" number="374"/>
						<line hits="0" number="379"/>
						<line hits="0" number="380"/>
						<line hits="0" number="381"/>
						<line hits="0" number="385"/>
						<line hits="0" number="386"/>
						<line hits="0" number="387"/>
						<line hits="0" number="388"/>
						<line branch="true" condition-coverage="0% (0/2)" hits="0" number="389"/>
						<line branch="true" condition-coverage="0% (0/2)" hits="0" number="390"/>
						<line branch="true" condition-coverage="0% (0/2)" hits="0" number="391"/>
						<line hits="0" number="392"/>
						<line branch="true" condition-coverage="0% (0/2)" hits="0" number="396"/>
						<line hits="0" number="397"/>
						<line branch="true" condition-coverage="0% (0/2)" hits="0" number="402"/>
						<line hits="0" number="403"/>
						<line hits="0" number="408"/>
						<line branch="true" condition-coverage="0% (0/2)" hits="0" number="414"/>
						<line hits="0" number="415"/>
						<line branch="true" condition-coverage="0% (0/2)" hits="0" number="417"/>
						<line hits="0" number="418"/>
						<line hits="0" number="423"/>
						<line hits="0" number="424"/>
						<line hits="0" number="425"/>
						<line hits="0" number="432"/>
					</lines>
				</class>
				<class branch-rate="0" complexity="0" filename="/home/ani/.virtualenvs/myjobs/lib/python2.7/site-packages/django/contrib/admin/util.py" line-rate="0" name="util">
					<methods/>
					<lines>
						<line hits="0" number="1"/>
						<line hits="0" number="2"/>
						<line hits="0" number="3"/>
						<line hits="0" number="4"/>
						<line hits="0" number="5"/>
						<line hits="0" number="6"/>
						<line hits="0" number="7"/>
						<line hits="0" number="8"/>
						<line hits="0" number="9"/>
						<line hits="0" number="10"/>
						<line hits="0" number="11"/>
						<line hits="0" number="12"/>
						<line hits="0" number="15"/>
						<line branch="true" condition-coverage="0% (0/2)" hits="0" number="22"/>
						<line hits="0" number="23"/>
						<line hits="0" number="24"/>
						<line branch="true" condition-coverage="0% (0/2)" hits="0" number="25"/>
						<line hits="0" number="26"/>
						<line branch="true" condition-coverage="0% (0/2)" hits="0" number="27"/>
						<line hits="0" number="28"/>
						<line hits="0" number="29"/>
						<line hits="0" number="32"/>
						<line hits="0" number="36"/>
						<line hits="0" number="37"/>
						<line hits="0" number="38"/>
						<line hits="0" number="39"/>
						<line hits="0" number="40"/>
						<line hits="0" number="41"/>
						<line branch="true" condition-coverage="0% (0/2)" hits="0" number="42"/>
						<line branch="true" condition-coverage="0% (0/2)" hits="0" number="43"/>
						<line hits="0" number="44"/>
						<line hits="0" number="45"/>
						<line hits="0" number="46"/>
						<line hits="0" number="47"/>
						<line hits="0" number="49"/>
						<line hits="0" number="50"/>
						<line hits="0" number="53"/>
						<line hits="0" number="55"/>
						<line branch="true" condition-coverage="0% (0/2)" hits="0" number="56"/>
						<line branch="true" condition-coverage="0% (0/2)" hits="0" number="57"/>
						<line branch="true" condition-coverage="0% (0/2)" hits="0" number="59"/>
						<line hits="0" number="60"/>
						<line hits="0" number="62"/>
						<line hits="0" number="63"/>
						<line hits="0" number="66"/>
						<line hits="0" number="75"/>
						<line hits="0" number="76"/>
						<line hits="0" number="77"/>
						<line hits="0" number="79"/>
						<line hits="0" number="80"/>
						<line hits="0" number="81"/>
						<line branch="true" condition-coverage="0% (0/2)" hits="0" number="83"/>
						<line hits="0" number="84"/>
						<line hits="0" number="89"/>
						<line branch="true" condition-coverage="0% (0/2)" hits="0" number="91"/>
						<line hits="0" number="92"/>
						<line hits="0" number="94"/>
						<line hits="0" number="101"/>
						<line hits="0" number="104"/>
						<line hits="0" number="106"/>
						<line hits="0" number="108"/>
						<line hits="0" number="111"/>
						<line hits="0" number="112"/>
						<line hits="0" number="113"/>
						<line hits="0" number="114"/>
						<line hits="0" number="115"/>
						<line hits="0" number="117"/>
						<line hits="0" number="118"/>
						<line hits="0" number="120"/>
						<line branch="true" condition-coverage="0% (0/2)" hits="0" number="121"/>
						<line branch="true" condition-coverage="0% (0/2)" hits="0" number="122"/>
						<line hits="0" number="123"/>
						<line hits="0" number="125"/>
						<line hits="0" number="126"/>
						<line hits="0" number="127"/>
						<line hits="0" number="128"/>
						<line hits="0" number="129"/>
						<line hits="0" number="131"/>
						<line hits="0" number="132"/>
						<line hits="0" number="133"/>
						<line hits="0" number="135"/>
						<line branch="true" condition-coverage="0% (0/2)" hits="0" number="136"/>
						<line hits="0" number="137"/>
						<line hits="0" number="138"/>
						<line hits="0" number="139"/>
						<line branch="true" condition-coverage="0% (0/2)" hits="0" number="140"/>
						<line hits="0" number="141"/>
						<line branch="true" condition-coverage="0% (0/2)" hits="0" number="142"/>
						<line hits="0" number="143"/>
						<line hits="0" number="145"/>
						<line branch="true" condition-coverage="0% (0/2)" hits="0" number="146"/>
						<line hits="0" number="147"/>
						<line hits="0" number="148"/>
						<line hits="0" number="150"/>
						<line hits="0" number="155"/>
						<line hits="0" number="156"/>
						<line branch="true" condition-coverage="0% (0/2)" hits="0" number="157"/>
						<line hits="0" number="158"/>
						<line hits="0" number="159"/>
						<line hits="0" number="162"/>
						<line branch="true" condition-coverage="0% (0/2)" hits="0" number="170"/>
						<line hits="0" number="171"/>
						<line branch="true" condition-coverage="0% (0/2)" hits="0" number="172"/>
						<line hits="0" number="173"/>
						<line hits="0" number="175"/>
						<line hits="0" number="176"/>
						<line hits="0" number="182"/>
						<line branch="true" condition-coverage="0% (0/2)" hits="0" number="192"/>
						<line branch="true" condition-coverage="0% (0/2)" hits="0" number="193"/>
						<line hits="0" number="194"/>
						<line hits="0" number="195"/>
						<line hits="0" number="196"/>
						<line hits="0" number="197"/>
						<line hits="0" number="198"/>
						<line hits="0" number="201"/>
						<line hits="0" number="202"/>
						<line hits="0" number="203"/>
						<line hits="0" number="204"/>
						<line hits="0" number="205"/>
						<line branch="true" condition-coverage="0% (0/2)" hits="0" number="208"/>
						<line hits="0" number="209"/>
						<line hits="0" number="210"/>
						<line branch="true" condition-coverage="0% (0/3)" hits="0" number="211"/>
						<line hits="0" number="213"/>
						<line hits="0" number="214"/>
						<line hits="0" number="216"/>
						<line branch="true" condition-coverage="0% (0/2)" hits="0" number="217"/>
						<line hits="0" number="218"/>
						<line hits="0" number="220"/>
						<line hits="0" number="221"/>
						<line hits="0" number="223"/>
						<line hits="0" number="224"/>
						<line hits="0" number="225"/>
						<line hits="0" number="228"/>
						<line hits="0" number="229"/>
						<line hits="0" number="230"/>
						<line hits="0" number="231"/>
						<line branch="true" condition-coverage="0% (0/2)" hits="0" number="232"/>
						<line hits="0" number="233"/>
						<line hits="0" number="235"/>
						<line hits="0" number="236"/>
						<line branch="true" condition-coverage="0% (0/2)" hits="0" number="237"/>
						<line hits="0" number="238"/>
						<line branch="true" condition-coverage="0% (0/2)" hits="0" number="239"/>
						<line hits="0" number="240"/>
						<line branch="true" condition-coverage="0% (0/2)" hits="0" number="242"/>
						<line hits="0" number="243"/>
						<line branch="true" condition-coverage="0% (0/2)" hits="0" number="244"/>
						<line hits="0" number="245"/>
						<line branch="true" condition-coverage="0% (0/2)" hits="0" number="246"/>
						<line hits="0" number="247"/>
						<line hits="0" number="249"/>
						<line branch="true" condition-coverage="0% (0/2)" hits="0" number="250"/>
						<line hits="0" number="251"/>
						<line hits="0" number="252"/>
						<line branch="true" condition-coverage="0% (0/2)" hits="0" number="254"/>
						<line hits="0" number="255"/>
						<line branch="true" condition-coverage="0% (0/2)" hits="0" number="256"/>
						<line branch="true" condition-coverage="0% (0/2)" hits="0" number="257"/>
						<line hits="0" number="258"/>
						<line hits="0" number="260"/>
						<line hits="0" number="262"/>
						<line branch="true" condition-coverage="0% (0/2)" hits="0" number="263"/>
						<line hits="0" number="264"/>
						<line hits="0" number="266"/>
						<line hits="0" number="268"/>
						<line hits="0" number="269"/>
						<line hits="0" number="270"/>
						<line hits="0" number="271"/>
						<line hits="0" number="272"/>
						<line hits="0" number="273"/>
						<line hits="0" number="276"/>
						<line hits="0" number="277"/>
						<line hits="0" number="278"/>
						<line branch="true" condition-coverage="0% (0/2)" hits="0" number="280"/>
						<line hits="0" number="281"/>
						<line branch="true" condition-coverage="0% (0/2)" hits="0" number="284"/>
						<line hits="0" number="285"/>
						<line branch="true" condition-coverage="0% (0/2)" hits="0" number="286"/>
						<line hits="0" number="287"/>
						<line branch="true" condition-coverage="0% (0/2)" hits="0" number="288"/>
						<line hits="0" number="289"/>
						<line branch="true" condition-coverage="0% (0/2)" hits="0" number="290"/>
						<line hits="0" number="291"/>
						<line branch="true" condition-coverage="0% (0/2)" hits="0" number="292"/>
						<line hits="0" number="293"/>
						<line hits="0" number="295"/>
						<line hits="0" number="298"/>
						<line hits="0" number="299"/>
						<line hits="0" number="302"/>
						<line branch="true" condition-coverage="0% (0/2)" hits="0" number="303"/>
						<line hits="0" number="304"/>
						<line branch="true" condition-coverage="0% (0/2)" hits="0" number="305"/>
						<line hits="0" number="306"/>
						<line hits="0" number="308"/>
						<line hits="0" number="311"/>
						<line hits="0" number="320"/>
						<line hits="0" number="321"/>
						<line hits="0" number="322"/>
						<line branch="true" condition-coverage="0% (0/2)" hits="0" number="323"/>
						<line hits="0" number="324"/>
						<line branch="true" condition-coverage="0% (0/2)" hits="0" number="326"/>
						<line hits="0" number="327"/>
						<line hits="0" number="328"/>
						<line hits="0" number="329"/>
						<line hits="0" number="330"/>
						<line branch="true" condition-coverage="0% (0/2)" hits="0" number="331"/>
						<line hits="0" number="332"/>
						<line hits="0" number="333"/>
						<line hits="0" number="335"/>
						<line hits="0" number="336"/>
						<line hits="0" number="337"/>
						<line hits="0" number="338"/>
						<line hits="0" number="341"/>
						<line hits="0" number="350"/>
						<line hits="0" number="351"/>
						<line branch="true" condition-coverage="0% (0/2)" hits="0" number="352"/>
						<line branch="true" condition-coverage="0% (0/2)" hits="0" number="353"/>
						<line hits="0" number="354"/>
						<line hits="0" number="356"/>
						<line hits="0" number="357"/>
						<line hits="0" number="358"/>
						<line hits="0" number="361"/>
						<line hits="0" number="363"/>
						<line hits="0" number="364"/>
						<line hits="0" number="365"/>
						<line hits="0" number="366"/>
						<line hits="0" number="367"/>
						<line hits="0" number="370"/>
						<line hits="0" number="377"/>
						<line hits="0" number="378"/>
						<line hits="0" number="379"/>
						<line branch="true" condition-coverage="0% (0/2)" hits="0" number="382"/>
						<line hits="0" number="383"/>
						<line branch="true" condition-coverage="0% (0/2)" hits="0" number="384"/>
						<line hits="0" number="385"/>
						<line hits="0" number="387"/>
					</lines>
				</class>
				<class branch-rate="0" complexity="0" filename="/home/ani/.virtualenvs/myjobs/lib/python2.7/site-packages/django/contrib/admin/validation.py" line-rate="0" name="validation">
					<methods/>
					<lines>
						<line hits="0" number="1"/>
						<line hits="0" number="2"/>
						<line hits="0" number="3"/>
						<line hits="0" number="4"/>
						<line hits="0" number="6"/>
						<line hits="0" number="7"/>
						<line hits="0" number="11"/>
						<line hits="0" number="13"/>
						<line hits="0" number="21"/>
						<line hits="0" number="23"/>
						<line hits="0" number="24"/>
						<line branch="true" condition-coverage="0% (0/2)" hits="0" number="27"/>
						<line hits="0" number="28"/>
						<line branch="true" condition-coverage="0% (0/2)" hits="0" number="29"/>
						<line branch="true" condition-coverage="0% (0/2)" hits="0" number="30"/>
						<line branch="true" condition-coverage="0% (0/2)" hits="0" number="31"/>
						<line branch="true" condition-coverage="0% (0/2)" hits="0" number="32"/>
						<line hits="0" number="33"/>
						<line hits="0" number="34"/>
						<line hits="0" number="35"/>
						<line hits="0" number="36"/>
						<line hits="0" number="40"/>
						<line branch="true" condition-coverage="0% (0/2)" hits="0" number="41"/>
						<line hits="0" number="42"/>
						<line branch="true" condition-coverage="0% (0/2)" hits="0" number="46"/>
						<line hits="0" number="47"/>
						<line branch="true" condition-coverage="0% (0/2)" hits="0" number="48"/>
						<line branch="true" condition-coverage="0% (0/2)" hits="0" number="49"/>
						<line hits="0" number="50"/>
						<line branch="true" condition-coverage="0% (0/2)" hits="0" number="55"/>
						<line hits="0" number="56"/>
						<line branch="true" condition-coverage="0% (0/2)" hits="0" number="57"/>
						<line hits="0" number="58"/>
						<line hits="0" number="59"/>
						<line hits="0" number="60"/>
						<line hits="0" number="61"/>
						<line branch="true" condition-coverage="0% (0/2)" hits="0" number="68"/>
						<line hits="0" number="69"/>
						<line branch="true" condition-coverage="0% (0/2)" hits="0" number="73"/>
						<line hits="0" number="74"/>
						<line branch="true" condition-coverage="0% (0/2)" hits="0" number="75"/>
						<line hits="0" number="76"/>
						<line hits="0" number="77"/>
						<line hits="0" number="78"/>
						<line hits="0" number="79"/>
						<line branch="true" condition-coverage="0% (0/2)" hits="0" number="82"/>
						<line hits="0" number="83"/>
						<line branch="true" condition-coverage="0% (0/2)" hits="0" number="86"/>
						<line hits="0" number="87"/>
						<line branch="true" condition-coverage="0% (0/2)" hits="0" number="90"/>
						<line hits="0" number="91"/>
						<line branch="true" condition-coverage="0% (0/2)" hits="0" number="95"/>
						<line hits="0" number="96"/>
						<line branch="true" condition-coverage="0% (0/2)" hits="0" number="101"/>
						<line hits="0" number="102"/>
						<line branch="true" condition-coverage="0% (0/2)" hits="0" number="105"/>
						<line hits="0" number="106"/>
						<line branch="true" condition-coverage="0% (0/2)" hits="0" number="107"/>
						<line hits="0" number="108"/>
						<line branch="true" condition-coverage="0% (0/2)" hits="0" number="113"/>
						<line hits="0" number="114"/>
						<line branch="true" condition-coverage="0% (0/2)" hits="0" number="115"/>
						<line branch="true" condition-coverage="0% (0/2)" hits="0" number="116"/>
						<line hits="0" number="117"/>
						<line branch="true" condition-coverage="0% (0/2)" hits="0" number="121"/>
						<line hits="0" number="122"/>
						<line branch="true" condition-coverage="0% (0/2)" hits="0" number="123"/>
						<line hits="0" number="124"/>
						<line branch="true" condition-coverage="0% (0/2)" hits="0" number="127"/>
						<line hits="0" number="128"/>
						<line hits="0" number="129"/>
						<line branch="true" condition-coverage="0% (0/2)" hits="0" number="131"/>
						<line hits="0" number="132"/>
						<line branch="true" condition-coverage="0% (0/2)" hits="0" number="137"/>
						<line branch="true" condition-coverage="0% (0/2)" hits="0" number="138"/>
						<line hits="0" number="139"/>
						<line branch="true" condition-coverage="0% (0/2)" hits="0" number="144"/>
						<line hits="0" number="145"/>
						<line branch="true" condition-coverage="0% (0/2)" hits="0" number="146"/>
						<line branch="true" condition-coverage="0% (0/2)" hits="0" number="147"/>
						<line hits="0" number="148"/>
						<line branch="true" condition-coverage="0% (0/2)" hits="0" number="150"/>
						<line hits="0" number="151"/>
						<line branch="true" condition-coverage="0% (0/2)" hits="0" number="153"/>
						<line hits="0" number="154"/>
						<line hits="0" number="156"/>
						<line hits="0" number="157"/>
						<line hits="0" number="159"/>
						<line branch="true" condition-coverage="0% (0/2)" hits="0" number="162"/>
						<line hits="0" number="163"/>
						<line branch="true" condition-coverage="0% (0/2)" hits="0" number="164"/>
						<line hits="0" number="165"/>
						<line hits="0" number="168"/>
						<line branch="true" condition-coverage="0% (0/2)" hits="0" number="171"/>
						<line hits="0" number="172"/>
						<line hits="0" number="176"/>
						<line branch="true" condition-coverage="0% (0/2)" hits="0" number="177"/>
						<line hits="0" number="178"/>
						<line branch="true" condition-coverage="0% (0/2)" hits="0" number="182"/>
						<line hits="0" number="183"/>
						<line branch="true" condition-coverage="0% (0/2)" hits="0" number="187"/>
						<line branch="true" condition-coverage="0% (0/2)" hits="0" number="188"/>
						<line hits="0" number="189"/>
						<line branch="true" condition-coverage="0% (0/2)" hits="0" number="193"/>
						<line hits="0" number="194"/>
						<line hits="0" number="196"/>
						<line hits="0" number="197"/>
						<line branch="true" condition-coverage="0% (0/2)" hits="0" number="200"/>
						<line hits="0" number="201"/>
						<line branch="true" condition-coverage="0% (0/2)" hits="0" number="202"/>
						<line hits="0" number="203"/>
						<line branch="true" condition-coverage="0% (0/2)" hits="0" number="204"/>
						<line hits="0" number="205"/>
[...]
			</classes>
		</package>
		<package branch-rate="0.1364" complexity="0" line-rate="0.298" name="app">
			<classes>
				<class branch-rate="0" complexity="0" filename="app/__init__.py" line-rate="0" name="__init__">
					<methods/>
					<lines>
						<line hits="0" number="4"/>
						<line hits="0" number="12"/>
						<line hits="0" number="16"/>
						<line branch="true" condition-coverage="0% (0/2)" hits="0" number="18"/>
						<line hits="0" number="19"/>
						<line branch="true" condition-coverage="0% (0/2)" hits="0" number="20"/>
						<line hits="0" number="21"/>
						<line hits="0" number="22"/>
						<line hits="0" number="24"/>
					</lines>
				</class>
				<class branch-rate="0" complexity="0" filename="app/admin.py" line-rate="0" name="admin">
					<methods/>
					<lines>
						<line hits="0" number="1"/>
						<line hits="0" number="2"/>
						<line hits="0" number="3"/>
						<line hits="0" number="6"/>
						<line hits="0" number="7"/>
						<line hits="0" number="8"/>
						<line hits="0" number="9"/>
						<line hits="0" number="12"/>
						<line hits="0" number="14"/>
						<line hits="0" number="15"/>
						<line hits="0" number="17"/>
						<line hits="0" number="18"/>
					</lines>
				</class>
				<class branch-rate="0" complexity="0" filename="app/auth.py" line-rate="0" name="auth">
					<methods/>
					<lines>
						<line hits="0" number="1"/>
						<line hits="0" number="2"/>
						<line hits="0" number="3"/>
						<line hits="0" number="4"/>
						<line hits="0" number="5"/>
						<line hits="0" number="7"/>
						<line hits="0" number="8"/>
						<line hits="0" number="9"/>
						<line hits="0" number="10"/>
						<line hits="0" number="11"/>
						<line hits="0" number="12"/>
						<line hits="0" number="13"/>
						<line hits="0" number="15"/>
						<line hits="0" number="16"/>
						<line hits="0" number="17"/>
						<line hits="0" number="18"/>
						<line hits="0" number="19"/>
						<line hits="0" number="20"/>
						<line hits="0" number="21"/>
						<line hits="0" number="22"/>
					</lines>
				</class>
				<class branch-rate="0" complexity="0" filename="app/context_processors.py" line-rate="0.7" name="context_processors">
					<methods/>
					<lines>
						<line hits="1" number="1"/>
						<line hits="1" number="2"/>
						<line hits="1" number="5"/>
						<line hits="1" number="14"/>
						<line hits="1" number="15"/>
						<line hits="1" number="16"/>
						<line hits="1" number="20"/>
						<line hits="0" number="21"/>
						<line hits="0" number="23"/>
						<line hits="0" number="24"/>
					</lines>
				</class>
				<class branch-rate="0" complexity="0" filename="app/fixtures.py" line-rate="0" name="fixtures">
					<methods/>
					<lines>
						<line hits="0" number="1"/>
						<line hits="0" number="20"/>
					</lines>
				</class>
				<class branch-rate="0" complexity="0" filename="app/forms.py" line-rate="0" name="forms">
					<methods/>
					<lines>
						<line hits="0" number="1"/>
						<line hits="0" number="2"/>
						<line hits="0" number="3"/>
						<line hits="0" number="4"/>
						<line hits="0" number="5"/>
						<line hits="0" number="6"/>
						<line hits="0" number="7"/>
						<line hits="0" number="8"/>
						<line hits="0" number="9"/>
						<line hits="0" number="10"/>
						<line hits="0" number="11"/>
						<line hits="0" number="13"/>
						<line hits="0" number="15"/>
						<line branch="true" condition-coverage="0% (0/2)" hits="0" number="16"/>
						<line hits="0" number="17"/>
						<line hits="0" number="19"/>
						<line hits="0" number="21"/>
						<line hits="0" number="23"/>
						<line hits="0" number="27"/>
						<line hits="0" number="34"/>
						<line hits="0" number="37"/>
						<line hits="0" number="39"/>
						<line hits="0" number="41"/>
						<line hits="0" number="43"/>
						<line hits="0" number="44"/>
						<line hits="0" number="45"/>
						<line hits="0" number="49"/>
						<line hits="0" number="52"/>
						<line hits="0" number="54"/>
						<line hits="0" number="57"/>
						<line hits="0" number="60"/>
						<line hits="0" number="61"/>
						<line hits="0" number="62"/>
						<line hits="0" number="63"/>
						<line hits="0" number="65"/>
						<line hits="0" number="66"/>
						<line hits="0" number="67"/>
						<line hits="0" number="68"/>
						<line hits="0" number="70"/>
						<line hits="0" number="71"/>
						<line hits="0" number="72"/>
						<line hits="0" number="73"/>
						<line hits="0" number="74"/>
						<line hits="0" number="76"/>
						<line hits="0" number="79"/>
						<line hits="0" number="81"/>
						<line hits="0" number="83"/>
						<line hits="0" number="85"/>
						<line hits="0" number="89"/>
						<line hits="0" number="90"/>
						<line hits="0" number="91"/>
						<line hits="0" number="92"/>
						<line hits="0" number="95"/>
						<line branch="true" condition-coverage="0% (0/2)" hits="0" number="98"/>
						<line hits="0" number="99"/>
						<line hits="0" number="102"/>
						<line branch="true" condition-coverage="0% (0/2)" hits="0" number="106"/>
						<line hits="0" number="107"/>
						<line hits="0" number="108"/>
						<line hits="0" number="110"/>
						<line hits="0" number="117"/>
						<line hits="0" number="118"/>
						<line hits="0" number="119"/>
						<line branch="true" condition-coverage="0% (0/2)" hits="0" number="120"/>
						<line branch="true" condition-coverage="0% (0/2)" hits="0" number="121"/>
						<line hits="0" number="122"/>
						<line hits="0" number="123"/>
						<line hits="0" number="124"/>
						<line hits="0" number="127"/>
						<line hits="0" number="128"/>
						<line hits="0" number="137"/>
						<line hits="0" number="138"/>
						<line hits="0" number="140"/>
						<line hits="0" number="141"/>
						<line hits="0" number="144"/>
						<line hits="0" number="145"/>
					</lines>
				</class>
				<class branch-rate="0" complexity="0" filename="app/helpers.py" line-rate="0" name="helpers">
					<methods/>
					<lines>
						<line hits="0" number="4"/>
						<line hits="0" number="6"/>
						<line hits="0" number="14"/>
						<line hits="0" number="15"/>
						<line hits="0" number="16"/>
					</lines>
				</class>
				<class branch-rate="1" complexity="0" filename="app/models.py" line-rate="0.8966" name="models">
					<methods/>
					<lines>
						<line hits="1" number="1"/>
						<line hits="1" number="2"/>
						<line hits="1" number="3"/>
						<line hits="1" number="4"/>
						<line hits="1" number="5"/>
						<line hits="1" number="6"/>
						<line hits="1" number="9"/>
						<line hits="1" number="10"/>
						<line hits="0" number="12"/>
						<line hits="1" number="15"/>
						<line hits="1" number="17"/>
						<line hits="1" number="18"/>
						<line hits="1" number="20"/>
						<line hits="1" number="22"/>
						<line hits="0" number="24"/>
						<line hits="1" number="27"/>
						<line hits="1" number="29"/>
						<line hits="1" number="31"/>
						<line hits="1" number="35"/>
						<line hits="1" number="39"/>
						<line hits="1" number="43"/>
						<line hits="1" number="46"/>
						<line hits="1" number="51"/>
						<line hits="0" number="53"/>
						<line hits="1" number="55"/>
						<line hits="1" number="57"/>
						<line branch="true" condition-coverage="100% (2/2)" hits="1" number="63"/>
						<line hits="1" number="64"/>
						<line hits="1" number="67"/>
					</lines>
				</class>
				<class branch-rate="0.3889" complexity="0" filename="app/sendgrid.py" line-rate="0.86" name="sendgrid">
					<methods/>
					<lines>
						<line hits="1" number="1"/>
						<line hits="1" number="2"/>
						<line hits="1" number="3"/>
						<line hits="1" number="4"/>
						<line hits="1" number="7"/>
						<line hits="1" number="17"/>
						<line hits="1" number="18"/>
						<line hits="1" number="20"/>
						<line branch="true" condition-coverage="50% (1/2)" hits="1" number="28"/>
						<line hits="1" number="29"/>
						<line branch="true" condition-coverage="50% (1/2)" hits="1" number="30"/>
						<line hits="0" number="31"/>
						<line hits="1" number="33"/>
						<line hits="1" number="35"/>
						<line branch="true" condition-coverage="0% (0/2)" hits="0" number="46"/>
						<line hits="0" number="47"/>
						<line branch="true" condition-coverage="0% (0/2)" hits="0" number="48"/>
						<line hits="0" number="49"/>
						<line hits="0" number="51"/>
						<line hits="1" number="53"/>
						<line branch="true" condition-coverage="50% (1/2)" hits="1" number="61"/>
						<line hits="1" number="62"/>
						<line hits="1" number="64"/>
						<line hits="1" number="66"/>
						<line hits="1" number="68"/>
						<line branch="true" condition-coverage="50% (1/2)" hits="1" number="69"/>
						<line hits="1" number="70"/>
						<line branch="true" condition-coverage="50% (1/2)" hits="1" number="71"/>
						<line hits="1" number="72"/>
						<line branch="true" condition-coverage="50% (1/2)" hits="1" number="73"/>
						<line hits="1" number="74"/>
						<line hits="1" number="75"/>
						<line hits="1" number="77"/>
						<line hits="1" number="78"/>
						<line hits="1" number="79"/>
						<line hits="1" number="81"/>
						<line hits="1" number="86"/>
						<line hits="1" number="87"/>
						<line hits="1" number="88"/>
						<line hits="1" number="90"/>
						<line hits="1" number="92"/>
						<line hits="1" number="93"/>
						<line hits="1" number="94"/>
						<line hits="1" number="96"/>
						<line hits="1" number="103"/>
						<line hits="1" number="105"/>
						<line branch="true" condition-coverage="50% (1/2)" hits="1" number="110"/>
						<line hits="0" number="111"/>
						<line hits="1" number="112"/>
						<line hits="1" number="114"/>
					</lines>
				</class>
				<class branch-rate="0" complexity="0" filename="app/share.py" line-rate="0" name="share">
					<methods/>
					<lines>
						<line hits="0" number="1"/>
						<line hits="0" number="2"/>
						<line hits="0" number="3"/>
						<line hits="0" number="4"/>
						<line hits="0" number="5"/>
						<line hits="0" number="6"/>
						<line hits="0" number="7"/>
						<line hits="0" number="8"/>
						<line hits="0" number="10"/>
						<line hits="0" number="11"/>
						<line hits="0" number="12"/>
						<line hits="0" number="13"/>
						<line hits="0" number="14"/>
						<line hits="0" number="15"/>
						<line hits="0" number="17"/>
						<line hits="0" number="18"/>
						<line hits="0" number="19"/>
						<line hits="0" number="20"/>
						<line hits="0" number="21"/>
						<line hits="0" number="23"/>
						<line hits="0" number="24"/>
						<line hits="0" number="25"/>
						<line hits="0" number="26"/>
						<line hits="0" number="28"/>
						<line hits="0" number="30"/>
						<line hits="0" number="31"/>
						<line hits="0" number="32"/>
						<line hits="0" number="34"/>
						<line hits="0" number="41"/>
						<line hits="0" number="42"/>
						<line hits="0" number="44"/>
						<line hits="0" number="45"/>
						<line hits="0" number="47"/>
						<line hits="0" number="48"/>
						<line hits="0" number="49"/>
						<line hits="0" number="50"/>
						<line hits="0" number="51"/>
						<line hits="0" number="52"/>
						<line hits="0" number="53"/>
						<line hits="0" number="54"/>
						<line hits="0" number="55"/>
						<line hits="0" number="57"/>
						<line hits="0" number="58"/>
						<line hits="0" number="59"/>
						<line hits="0" number="60"/>
					</lines>
				</class>
				<class branch-rate="0" complexity="0" filename="app/tests.py" line-rate="1" name="tests">
					<methods/>
					<lines>
						<line hits="1" number="1"/>
						<line hits="1" number="2"/>
						<line hits="1" number="3"/>
						<line hits="1" number="4"/>
						<line hits="1" number="5"/>
						<line hits="1" number="6"/>
						<line hits="1" number="7"/>
						<line hits="1" number="9"/>
						<line hits="1" number="20"/>
						<line hits="1" number="37"/>
						<line hits="1" number="42"/>
						<line hits="1" number="52"/>
						<line hits="1" number="53"/>
						<line hits="1" number="54"/>
						<line hits="1" number="57"/>
						<line hits="1" number="60"/>
						<line hits="1" number="62"/>
						<line hits="1" number="63"/>
						<line hits="1" number="65"/>
						<line hits="1" number="68"/>
						<line hits="1" number="70"/>
						<line hits="1" number="72"/>
						<line hits="1" number="75"/>
						<line hits="1" number="76"/>
						<line hits="1" number="78"/>
						<line hits="1" number="80"/>
						<line hits="1" number="82"/>
						<line hits="1" number="83"/>
						<line hits="1" number="84"/>
						<line hits="1" number="85"/>
						<line hits="1" number="87"/>
						<line hits="1" number="89"/>
						<line hits="1" number="90"/>
						<line hits="1" number="91"/>
						<line hits="1" number="93"/>
						<line hits="1" number="95"/>
						<line hits="1" number="97"/>
						<line hits="1" number="98"/>
						<line hits="1" number="99"/>
						<line hits="1" number="100"/>
						<line hits="1" number="101"/>
						<line hits="1" number="103"/>
						<line hits="1" number="107"/>
						<line hits="1" number="108"/>
						<line hits="1" number="109"/>
						<line hits="1" number="110"/>
						<line hits="1" number="111"/>
						<line hits="1" number="113"/>
						<line hits="1" number="114"/>
						<line hits="1" number="116"/>
						<line hits="1" number="118"/>
						<line hits="1" number="120"/>
						<line hits="1" number="124"/>
						<line hits="1" number="127"/>
						<line hits="1" number="129"/>
						<line hits="1" number="130"/>
						<line hits="1" number="131"/>
						<line hits="1" number="132"/>
						<line hits="1" number="133"/>
					</lines>
				</class>
				<class branch-rate="0" complexity="0" filename="app/urls.py" line-rate="0" name="urls">
					<methods/>
					<lines>
						<line hits="0" number="1"/>
						<line hits="0" number="2"/>
						<line hits="0" number="3"/>
						<line hits="0" number="4"/>
						<line hits="0" number="7"/>
						<line hits="0" number="9"/>
					</lines>
				</class>
				<class branch-rate="0" complexity="0" filename="app/views.py" line-rate="0" name="views">
					<methods/>
					<lines>
						<line hits="0" number="1"/>
						<line hits="0" number="2"/>
						<line hits="0" number="3"/>
						<line hits="0" number="4"/>
						<line hits="0" number="5"/>
						<line hits="0" number="6"/>
						<line hits="0" number="7"/>
						<line hits="0" number="8"/>
						<line hits="0" number="9"/>
						<line hits="0" number="10"/>
						<line hits="0" number="11"/>
						<line hits="0" number="12"/>
						<line hits="0" number="13"/>
						<line hits="0" number="14"/>
						<line hits="0" number="15"/>
						<line hits="0" number="16"/>
						<line hits="0" number="17"/>
						<line hits="0" number="18"/>
						<line hits="0" number="22"/>
						<line hits="0" number="24"/>
						<line hits="0" number="27"/>
						<line hits="0" number="29"/>
						<line hits="0" number="31"/>
						<line hits="0" number="33"/>
						<line hits="0" number="35"/>
						<line hits="0" number="37"/>
						<line hits="0" number="38"/>
						<line hits="0" number="40"/>
						<line hits="0" number="43"/>
						<line hits="0" number="44"/>
						<line hits="0" number="45"/>
						<line branch="true" condition-coverage="0% (0/2)" hits="0" number="46"/>
						<line hits="0" number="47"/>
						<line hits="0" number="50"/>
						<line hits="0" number="53"/>
						<line hits="0" number="56"/>
						<line hits="0" number="58"/>
						<line hits="0" number="60"/>
						<line hits="0" number="65"/>
						<line branch="true" condition-coverage="0% (0/2)" hits="0" number="66"/>
						<line hits="0" number="67"/>
						<line hits="0" number="70"/>
						<line hits="0" number="74"/>
						<line hits="0" number="84"/>
						<line branch="true" condition-coverage="0% (0/2)" hits="0" number="85"/>
						<line branch="true" condition-coverage="0% (0/2)" hits="0" number="87"/>
						<line hits="0" number="89"/>
						<line hits="0" number="92"/>
						<line hits="0" number="95"/>
						<line hits="0" number="96"/>
						<line hits="0" number="99"/>
						<line hits="0" number="101"/>
						<line hits="0" number="103"/>
						<line hits="0" number="105"/>
						<line hits="0" number="107"/>
						<line hits="0" number="110"/>
						<line hits="0" number="111"/>
						<line hits="0" number="113"/>
						<line hits="0" number="115"/>
						<line hits="0" number="117"/>
						<line hits="0" number="118"/>
						<line hits="0" number="121"/>
						<line hits="0" number="123"/>
						<line hits="0" number="124"/>
						<line hits="0" number="127"/>
						<line branch="true" condition-coverage="0% (0/2)" hits="0" number="142"/>
						<line hits="0" number="143"/>
						<line branch="true" condition-coverage="0% (0/2)" hits="0" number="144"/>
						<line hits="0" number="145"/>
						<line branch="true" condition-coverage="0% (0/2)" hits="0" number="147"/>
						<line hits="0" number="148"/>
						<line branch="true" condition-coverage="0% (0/2)" hits="0" number="155"/>
						<line hits="0" number="156"/>
						<line hits="0" number="157"/>
						<line hits="0" number="158"/>
						<line hits="0" number="160"/>
						<line hits="0" number="161"/>
						<line hits="0" number="162"/>
						<line hits="0" number="163"/>
						<line hits="0" number="166"/>
						<line branch="true" condition-coverage="0% (0/2)" hits="0" number="177"/>
						<line hits="0" number="178"/>
						<line hits="0" number="180"/>
						<line hits="0" number="182"/>
						<line branch="true" condition-coverage="0% (0/2)" hits="0" number="185"/>
						<line hits="0" number="186"/>
						<line hits="0" number="187"/>
						<line branch="true" condition-coverage="0% (0/2)" hits="0" number="188"/>
						<line hits="0" number="189"/>
						<line hits="0" number="190"/>
						<line hits="0" number="191"/>
						<line hits="0" number="192"/>
						<line hits="0" number="193"/>
						<line hits="0" number="196"/>
						<line hits="0" number="197"/>
						<line hits="0" number="198"/>
						<line branch="true" condition-coverage="0% (0/2)" hits="0" number="199"/>
						<line hits="0" number="200"/>
						<line hits="0" number="201"/>
						<line hits="0" number="202"/>
						<line hits="0" number="208"/>
						<line hits="0" number="209"/>
						<line hits="0" number="210"/>
						<line branch="true" condition-coverage="0% (0/2)" hits="0" number="211"/>
						<line hits="0" number="212"/>
						<line hits="0" number="213"/>
						<line hits="0" number="214"/>
						<line hits="0" number="215"/>
						<line hits="0" number="216"/>
						<line hits="0" number="217"/>
						<line hits="0" number="218"/>
						<line hits="0" number="221"/>
						<line hits="0" number="232"/>
						<line hits="0" number="233"/>
						<line hits="0" number="234"/>
						<line branch="true" condition-coverage="0% (0/2)" hits="0" number="235"/>
						<line branch="true" condition-coverage="0% (0/2)" hits="0" number="236"/>
						<line hits="0" number="237"/>
						<line hits="0" number="239"/>
						<line hits="0" number="241"/>
						<line hits="0" number="243"/>
						<line branch="true" condition-coverage="0% (0/2)" hits="0" number="250"/>
						<line hits="0" number="251"/>
						<line hits="0" number="252"/>
						<line hits="0" number="254"/>
						<line hits="0" number="256"/>
						<line hits="0" number="257"/>
						<line hits="0" number="258"/>
						<line hits="0" number="259"/>
						<line hits="0" number="260"/>
					</lines>
				</class>
			</classes>
		</package>
		<package branch-rate="0" complexity="0" line-rate="0" name="app.templatetags">
			<classes>
				<class branch-rate="0" complexity="0" filename="app/templatetags/__init__.py" line-rate="0" name="__init__">
					<methods/>
					<lines/>
				</class>
				<class branch-rate="0" complexity="0" filename="app/templatetags/myjobs_tags.py" line-rate="0" name="myjobs_tags">
					<methods/>
					<lines/>
				</class>
			</classes>
		</package>
	</packages>
</coverage>
